Using pre-set license
Built from '2022.3/staging' branch; Version is '2022.3.24f1 (334eb2a0b267) revision 3362482'; Using compiler version '192829333'; Build Type 'Release'
OS: 'Windows 11  (10.0.22631) 64bit Core' Language: 'en' Physical Memory: 16021 MB
BatchMode: 1, IsHumanControllingUs: 0, StartBugReporterOnCrash: 0, Is64bit: 1, IsPro: 1

COMMAND LINE ARGUMENTS:
C:\Program Files\Unity\Hub\Editor\2022.3.24f1\Editor\Unity.exe
-adb2
-batchMode
-noUpm
-name
AssetImportWorker1
-projectPath
C:/Users/peter/OneDrive/Documents/Unity+Blender/Physics model
-logFile
Logs/AssetImportWorker1.log
-srvPort
53313
Successfully changed project path to: C:/Users/peter/OneDrive/Documents/Unity+Blender/Physics model
C:/Users/peter/OneDrive/Documents/Unity+Blender/Physics model
[UnityMemory] Configuration Parameters - Can be set up in boot.config
    "memorysetup-bucket-allocator-granularity=16"
    "memorysetup-bucket-allocator-bucket-count=8"
    "memorysetup-bucket-allocator-block-size=33554432"
    "memorysetup-bucket-allocator-block-count=8"
    "memorysetup-main-allocator-block-size=16777216"
    "memorysetup-thread-allocator-block-size=16777216"
    "memorysetup-gfx-main-allocator-block-size=16777216"
    "memorysetup-gfx-thread-allocator-block-size=16777216"
    "memorysetup-cache-allocator-block-size=4194304"
    "memorysetup-typetree-allocator-block-size=2097152"
    "memorysetup-profiler-bucket-allocator-granularity=16"
    "memorysetup-profiler-bucket-allocator-bucket-count=8"
    "memorysetup-profiler-bucket-allocator-block-size=33554432"
    "memorysetup-profiler-bucket-allocator-block-count=8"
    "memorysetup-profiler-allocator-block-size=16777216"
    "memorysetup-profiler-editor-allocator-block-size=1048576"
    "memorysetup-temp-allocator-size-main=16777216"
    "memorysetup-job-temp-allocator-block-size=2097152"
    "memorysetup-job-temp-allocator-block-size-background=1048576"
    "memorysetup-job-temp-allocator-reduction-small-platforms=262144"
    "memorysetup-allocator-temp-initial-block-size-main=262144"
    "memorysetup-allocator-temp-initial-block-size-worker=262144"
    "memorysetup-temp-allocator-size-background-worker=32768"
    "memorysetup-temp-allocator-size-job-worker=262144"
    "memorysetup-temp-allocator-size-preload-manager=33554432"
    "memorysetup-temp-allocator-size-nav-mesh-worker=65536"
    "memorysetup-temp-allocator-size-audio-worker=65536"
    "memorysetup-temp-allocator-size-cloud-worker=32768"
    "memorysetup-temp-allocator-size-gi-baking-worker=262144"
    "memorysetup-temp-allocator-size-gfx=262144"
Player connection [14312] Host "[IP] 192.168.31.199 [Port] 0 [Flags] 2 [Guid] 3510608227 [EditorId] 3510608227 [Version] 1048832 [Id] WindowsEditor(7,Guo_Desktop) [Debug] 1 [PackageName] WindowsEditor [ProjectName] Editor" joined multi-casting on [225.0.0.222:54997]...

Player connection [14312] Host "[IP] 192.168.31.199 [Port] 0 [Flags] 2 [Guid] 3510608227 [EditorId] 3510608227 [Version] 1048832 [Id] WindowsEditor(7,Guo_Desktop) [Debug] 1 [PackageName] WindowsEditor [ProjectName] Editor" joined alternative multi-casting on [225.0.0.222:34997]...

[Physics::Module] Initialized MultithreadedJobDispatcher with 19 workers.
Refreshing native plugins compatible for Editor in 20.63 ms, found 4 plugins.
Preloading 0 native plugins for Editor in 0.00 ms.
Initialize engine version: 2022.3.24f1 (334eb2a0b267)
[Subsystems] Discovering subsystems at path C:/Program Files/Unity/Hub/Editor/2022.3.24f1/Editor/Data/Resources/UnitySubsystems
[Subsystems] Discovering subsystems at path C:/Users/peter/OneDrive/Documents/Unity+Blender/Physics model/Assets
GfxDevice: creating device client; threaded=0; jobified=0
Direct3D:
    Version:  Direct3D 11.0 [level 11.1]
    Renderer: Intel(R) Arc(TM) A370M Graphics (ID=0x5693)
    Vendor:   Intel
    VRAM:     4018 MB
    Driver:   31.0.101.4644
Initialize mono
Mono path[0] = 'C:/Program Files/Unity/Hub/Editor/2022.3.24f1/Editor/Data/Managed'
Mono path[1] = 'C:/Program Files/Unity/Hub/Editor/2022.3.24f1/Editor/Data/MonoBleedingEdge/lib/mono/unityjit-win32'
Mono config path = 'C:/Program Files/Unity/Hub/Editor/2022.3.24f1/Editor/Data/MonoBleedingEdge/etc'
Using monoOptions --debugger-agent=transport=dt_socket,embedding=1,server=y,suspend=n,address=127.0.0.1:56924
Begin MonoManager ReloadAssembly
Registering precompiled unity dll's ...
Register platform support module: C:/Program Files/Unity/Hub/Editor/2022.3.24f1/Editor/Data/PlaybackEngines/AndroidPlayer/UnityEditor.Android.Extensions.dll
Register platform support module: C:/Program Files/Unity/Hub/Editor/2022.3.24f1/Editor/Data/PlaybackEngines/iOSSupport/UnityEditor.iOS.Extensions.dll
Register platform support module: C:/Program Files/Unity/Hub/Editor/2022.3.24f1/Editor/Data/PlaybackEngines/WindowsStandaloneSupport/UnityEditor.WindowsStandalone.Extensions.dll
Registered in 0.008021 seconds.
- Loaded All Assemblies, in  0.325 seconds
Native extension for WindowsStandalone target not found
[usbmuxd] Start listen thread
[usbmuxd] Listen thread started
Native extension for iOS target not found
Native extension for Android target not found
Android Extension - Scanning For ADB Devices 234 ms
Mono: successfully reloaded assembly
- Finished resetting the current domain, in  0.514 seconds
Domain Reload Profiling: 837ms
	BeginReloadAssembly (119ms)
		ExecutionOrderSort (0ms)
		DisableScriptedObjects (0ms)
		BackupInstance (0ms)
		ReleaseScriptingObjects (0ms)
		CreateAndSetChildDomain (1ms)
	RebuildCommonClasses (27ms)
	RebuildNativeTypeToScriptingClass (8ms)
	initialDomainReloadingComplete (48ms)
	LoadAllAssembliesAndSetupDomain (121ms)
		LoadAssemblies (118ms)
		RebuildTransferFunctionScriptingTraits (0ms)
		AnalyzeDomain (119ms)
			TypeCache.Refresh (118ms)
				TypeCache.ScanAssembly (107ms)
			ScanForSourceGeneratedMonoScriptInfo (0ms)
			ResolveRequiredComponents (0ms)
	FinalizeReload (514ms)
		ReleaseScriptCaches (0ms)
		RebuildScriptCaches (0ms)
		SetupLoadedEditorAssemblies (469ms)
			LogAssemblyErrors (0ms)
			InitializePlatformSupportModulesInManaged (335ms)
			SetLoadedEditorAssemblies (3ms)
			RefreshPlugins (0ms)
			BeforeProcessingInitializeOnLoad (2ms)
			ProcessInitializeOnLoadAttributes (94ms)
			ProcessInitializeOnLoadMethodAttributes (36ms)
			AfterProcessingInitializeOnLoad (0ms)
			EditorAssembliesLoaded (0ms)
		ExecutionOrderSort2 (0ms)
		AwakeInstancesAfterBackupRestoration (0ms)
========================================================================
Worker process is ready to serve import requests
Begin MonoManager ReloadAssembly
- Loaded All Assemblies, in  0.691 seconds
Refreshing native plugins compatible for Editor in 4.18 ms, found 4 plugins.
Native extension for WindowsStandalone target not found
Native extension for iOS target not found
Native extension for Android target not found
Package Manager log level set to [2]
[Package Manager] Server::EnsureServerProcessIsRunning -- launch failed, reason: Unity was launched with the -noUpm command-line argument
[Package Manager] UpmClient::Send -- Unable to send message (not connected to UPM process).
[Package Manager] Cannot connect to Unity Package Manager local server
[Package Manager] Server::EnsureServerProcessIsRunning -- launch failed, reason: Unity was launched with the -noUpm command-line argument
[Package Manager] UpmClient::Send -- Unable to send message (not connected to UPM process).
[Package Manager] Cannot connect to Unity Package Manager local server
Mono: successfully reloaded assembly
[Package Manager] Server::EnsureServerProcessIsRunning -- launch failed, reason: Unity was launched with the -noUpm command-line argument
[Package Manager] UpmClient::Send -- Unable to send message (not connected to UPM process).
[Package Manager] Cannot connect to Unity Package Manager local server
[Package Manager] Server::EnsureServerProcessIsRunning -- launch failed, reason: Unity was launched with the -noUpm command-line argument
[Package Manager] UpmClient::Send -- Unable to send message (not connected to UPM process).
[Package Manager] Cannot connect to Unity Package Manager local server
- Finished resetting the current domain, in  0.843 seconds
Domain Reload Profiling: 1532ms
	BeginReloadAssembly (112ms)
		ExecutionOrderSort (0ms)
		DisableScriptedObjects (4ms)
		BackupInstance (0ms)
		ReleaseScriptingObjects (0ms)
		CreateAndSetChildDomain (16ms)
	RebuildCommonClasses (26ms)
	RebuildNativeTypeToScriptingClass (8ms)
	initialDomainReloadingComplete (34ms)
	LoadAllAssembliesAndSetupDomain (507ms)
		LoadAssemblies (409ms)
		RebuildTransferFunctionScriptingTraits (0ms)
		AnalyzeDomain (165ms)
			TypeCache.Refresh (141ms)
				TypeCache.ScanAssembly (128ms)
			ScanForSourceGeneratedMonoScriptInfo (17ms)
			ResolveRequiredComponents (5ms)
	FinalizeReload (844ms)
		ReleaseScriptCaches (0ms)
		RebuildScriptCaches (0ms)
		SetupLoadedEditorAssemblies (661ms)
			LogAssemblyErrors (0ms)
			InitializePlatformSupportModulesInManaged (28ms)
			SetLoadedEditorAssemblies (3ms)
			RefreshPlugins (0ms)
			BeforeProcessingInitializeOnLoad (58ms)
			ProcessInitializeOnLoadAttributes (474ms)
			ProcessInitializeOnLoadMethodAttributes (73ms)
			AfterProcessingInitializeOnLoad (23ms)
			EditorAssembliesLoaded (1ms)
		ExecutionOrderSort2 (0ms)
		AwakeInstancesAfterBackupRestoration (19ms)
Launched and connected shader compiler UnityShaderCompiler.exe after 0.06 seconds
Refreshing native plugins compatible for Editor in 6.50 ms, found 4 plugins.
Preloading 0 native plugins for Editor in 0.00 ms.
Unloading 4390 Unused Serialized files (Serialized files now loaded: 0)
Unloading 57 unused Assets / (1.3 MB). Loaded Objects now: 4852.
Memory consumption went from 164.6 MB to 163.3 MB.
Total: 8.802200 ms (FindLiveObjects: 0.611900 ms CreateObjectMapping: 0.364900 ms MarkObjects: 6.448600 ms  DeleteObjects: 1.375200 ms)

AssetImportParameters requested are different than current active one (requested -> active):
  custom:container-demuxer-ogg: 62fdf1f143b41e24485cea50d1cbac27 -> 
  custom:video-codec-MediaFoundation-h265: 746d11721c4dcdbdad8f713fa42b33f4 -> 
  custom:video-decoder-ogg-theora: a1e56fd34408186e4bbccfd4996cb3dc -> 
  custom:framework-win-MediaFoundation: 216162199b28c13a410421893ffa2e32 -> 
  custom:CustomObjectIndexerAttribute: 9a22284fe3817be447336de3de66b15e -> 
  custom:container-demuxer-webm: 4f35f7cbe854078d1ac9338744f61a02 -> 
  custom:container-muxer-webm: aa71ff27fc2769a1b78a27578f13a17b -> 
  custom:video-decoder-webm-vp8: 9c59270c3fd7afecdb556c50c9e8de78 -> 
  custom:SearchIndexIgnoredProperties: e643bd26f0fe6173181afceb89e7c659 -> 
  custom:AudioImporter_EditorPlatform: d09bf68614088b80899f8185d706f6e7 -> 
  custom:video-encoder-webm-vp8: eb34c28f22e8b96e1ab97ce403110664 -> 
  custom:audio-decoder-ogg-vorbis: bf7c407c2cedff20999df2af8eb42d56 -> 
  custom:audio-encoder-webm-vorbis: bf7c407c2cedff20999df2af8eb42d56 -> 
========================================================================
Received Prepare
Begin MonoManager ReloadAssembly
- Loaded All Assemblies, in  0.986 seconds
Refreshing native plugins compatible for Editor in 3.72 ms, found 4 plugins.
Native extension for WindowsStandalone target not found
Native extension for iOS target not found
Native extension for Android target not found
[Package Manager] Server::EnsureServerProcessIsRunning -- launch failed, reason: Unity was launched with the -noUpm command-line argument
[Package Manager] UpmClient::Send -- Unable to send message (not connected to UPM process).
[Package Manager] Cannot connect to Unity Package Manager local server
[Package Manager] Server::EnsureServerProcessIsRunning -- launch failed, reason: Unity was launched with the -noUpm command-line argument
[Package Manager] UpmClient::Send -- Unable to send message (not connected to UPM process).
[Package Manager] Cannot connect to Unity Package Manager local server
Mono: successfully reloaded assembly
[Package Manager] Server::EnsureServerProcessIsRunning -- launch failed, reason: Unity was launched with the -noUpm command-line argument
[Package Manager] UpmClient::Send -- Unable to send message (not connected to UPM process).
[Package Manager] Cannot connect to Unity Package Manager local server
- Finished resetting the current domain, in  0.704 seconds
Domain Reload Profiling: 1682ms
	BeginReloadAssembly (338ms)
		ExecutionOrderSort (0ms)
		DisableScriptedObjects (13ms)
		BackupInstance (0ms)
		ReleaseScriptingObjects (0ms)
		CreateAndSetChildDomain (72ms)
	RebuildCommonClasses (67ms)
	RebuildNativeTypeToScriptingClass (18ms)
	initialDomainReloadingComplete (48ms)
	LoadAllAssembliesAndSetupDomain (506ms)
		LoadAssemblies (612ms)
		RebuildTransferFunctionScriptingTraits (0ms)
		AnalyzeDomain (76ms)
			TypeCache.Refresh (22ms)
				TypeCache.ScanAssembly (1ms)
			ScanForSourceGeneratedMonoScriptInfo (35ms)
			ResolveRequiredComponents (17ms)
	FinalizeReload (704ms)
		ReleaseScriptCaches (0ms)
		RebuildScriptCaches (0ms)
		SetupLoadedEditorAssemblies (358ms)
			LogAssemblyErrors (0ms)
			InitializePlatformSupportModulesInManaged (27ms)
			SetLoadedEditorAssemblies (3ms)
			RefreshPlugins (0ms)
			BeforeProcessingInitializeOnLoad (55ms)
			ProcessInitializeOnLoadAttributes (238ms)
			ProcessInitializeOnLoadMethodAttributes (30ms)
			AfterProcessingInitializeOnLoad (5ms)
			EditorAssembliesLoaded (0ms)
		ExecutionOrderSort2 (0ms)
		AwakeInstancesAfterBackupRestoration (7ms)
Refreshing native plugins compatible for Editor in 4.03 ms, found 4 plugins.
Preloading 0 native plugins for Editor in 0.00 ms.
Unloading 4357 Unused Serialized files (Serialized files now loaded: 0)
Unloading 37 unused Assets / (1.2 MB). Loaded Objects now: 4856.
Memory consumption went from 160.0 MB to 158.7 MB.
Total: 2.947800 ms (FindLiveObjects: 0.188200 ms CreateObjectMapping: 0.081300 ms MarkObjects: 2.247400 ms  DeleteObjects: 0.430000 ms)

Prepare: number of updated asset objects reloaded= 0
AssetImportParameters requested are different than current active one (requested -> active):
  custom:container-demuxer-ogg: 62fdf1f143b41e24485cea50d1cbac27 -> 
  custom:video-codec-MediaFoundation-h265: 746d11721c4dcdbdad8f713fa42b33f4 -> 
  custom:video-decoder-ogg-theora: a1e56fd34408186e4bbccfd4996cb3dc -> 
  custom:framework-win-MediaFoundation: 216162199b28c13a410421893ffa2e32 -> 
  custom:CustomObjectIndexerAttribute: 9a22284fe3817be447336de3de66b15e -> 
  custom:container-demuxer-webm: 4f35f7cbe854078d1ac9338744f61a02 -> 
  custom:container-muxer-webm: aa71ff27fc2769a1b78a27578f13a17b -> 
  custom:video-decoder-webm-vp8: 9c59270c3fd7afecdb556c50c9e8de78 -> 
  custom:SearchIndexIgnoredProperties: e643bd26f0fe6173181afceb89e7c659 -> 
  custom:AudioImporter_EditorPlatform: d09bf68614088b80899f8185d706f6e7 -> 
  custom:video-encoder-webm-vp8: eb34c28f22e8b96e1ab97ce403110664 -> 
  custom:audio-decoder-ogg-vorbis: bf7c407c2cedff20999df2af8eb42d56 -> 
  custom:audio-encoder-webm-vorbis: bf7c407c2cedff20999df2af8eb42d56 -> 
========================================================================
Received Import Request.
  Time since last request: 258584.436899 seconds.
  path: Assets/physicsimgs/page-013.png
  artifactKey: Guid(586ce2b1a4b1dbb4e9ee2705b3d2f2ac) Importer(815301076,1909f56bfc062723c751e8b465ee728b)
Start importing Assets/physicsimgs/page-013.png using Guid(586ce2b1a4b1dbb4e9ee2705b3d2f2ac) Importer(815301076,1909f56bfc062723c751e8b465ee728b)  -> (artifact id: '893e3cf098a712cfa256a1b8425b42a2') in 0.105970 seconds
Number of updated asset objects reloaded before import = 0
Number of asset objects unloaded after import = 2
========================================================================
Received Import Request.
  Time since last request: 0.000032 seconds.
  path: Assets/physicsimgs/page-050.png
  artifactKey: Guid(28e781d5887693943b8bed930dd44d9b) Importer(815301076,1909f56bfc062723c751e8b465ee728b)
Start importing Assets/physicsimgs/page-050.png using Guid(28e781d5887693943b8bed930dd44d9b) Importer(815301076,1909f56bfc062723c751e8b465ee728b)  -> (artifact id: '85b55ab64c4dc6214ec12b389843d727') in 0.026373 seconds
Number of updated asset objects reloaded before import = 0
Number of asset objects unloaded after import = 2
========================================================================
Received Import Request.
  Time since last request: 0.000023 seconds.
  path: Assets/physicsimgs/page-047.png
  artifactKey: Guid(b16454fcd63210740ac52496caee8753) Importer(815301076,1909f56bfc062723c751e8b465ee728b)
Start importing Assets/physicsimgs/page-047.png using Guid(b16454fcd63210740ac52496caee8753) Importer(815301076,1909f56bfc062723c751e8b465ee728b)  -> (artifact id: '107bab87bf1e248ebcbb240ee98d9acf') in 0.024115 seconds
Number of updated asset objects reloaded before import = 0
Number of asset objects unloaded after import = 2
========================================================================
Received Import Request.
  Time since last request: 0.000018 seconds.
  path: Assets/physicsimgs/page-055.png
  artifactKey: Guid(d4b74eb7b7ddc86488840950827b0d07) Importer(815301076,1909f56bfc062723c751e8b465ee728b)
Start importing Assets/physicsimgs/page-055.png using Guid(d4b74eb7b7ddc86488840950827b0d07) Importer(815301076,1909f56bfc062723c751e8b465ee728b)  -> (artifact id: 'dbcda5e37779c0c3b7515a3a0aff6f46') in 0.029710 seconds
Number of updated asset objects reloaded before import = 0
Number of asset objects unloaded after import = 2
========================================================================
Received Import Request.
  Time since last request: 0.000021 seconds.
  path: Assets/physicsimgs/page-021.png
  artifactKey: Guid(029fd27d14472484eb10cb40d973ccb8) Importer(815301076,1909f56bfc062723c751e8b465ee728b)
Start importing Assets/physicsimgs/page-021.png using Guid(029fd27d14472484eb10cb40d973ccb8) Importer(815301076,1909f56bfc062723c751e8b465ee728b)  -> (artifact id: '8502e445245f06e8c3c48b43bfc3b633') in 0.024927 seconds
Number of updated asset objects reloaded before import = 0
Number of asset objects unloaded after import = 2
========================================================================
Received Import Request.
  Time since last request: 0.000015 seconds.
  path: Assets/physicsimgs/page-058.png
  artifactKey: Guid(3096f3809e3fab740af2062c41ee08b4) Importer(815301076,1909f56bfc062723c751e8b465ee728b)
Start importing Assets/physicsimgs/page-058.png using Guid(3096f3809e3fab740af2062c41ee08b4) Importer(815301076,1909f56bfc062723c751e8b465ee728b)  -> (artifact id: '1a663d875e7a6013e54c4ed4123a16fd') in 0.023942 seconds
Number of updated asset objects reloaded before import = 0
Number of asset objects unloaded after import = 2
========================================================================
Received Import Request.
  Time since last request: 0.000084 seconds.
  path: Assets/physicsimgs/page-063.png
  artifactKey: Guid(9281ab3175cad2a41849835b7b345c9a) Importer(815301076,1909f56bfc062723c751e8b465ee728b)
Start importing Assets/physicsimgs/page-063.png using Guid(9281ab3175cad2a41849835b7b345c9a) Importer(815301076,1909f56bfc062723c751e8b465ee728b)  -> (artifact id: '6b5bd844890d3651844b7de2a7b0b987') in 0.024688 seconds
Number of updated asset objects reloaded before import = 0
Number of asset objects unloaded after import = 2
========================================================================
Received Import Request.
  Time since last request: 0.000017 seconds.
  path: Assets/physicsimgs/page-061.png
  artifactKey: Guid(7c58392f3a4b3e54ba84e527d3a6bbd9) Importer(815301076,1909f56bfc062723c751e8b465ee728b)
Start importing Assets/physicsimgs/page-061.png using Guid(7c58392f3a4b3e54ba84e527d3a6bbd9) Importer(815301076,1909f56bfc062723c751e8b465ee728b)  -> (artifact id: '6d570e7f2aaf0c9f022a1ab44794f0f2') in 0.027395 seconds
Number of updated asset objects reloaded before import = 0
Number of asset objects unloaded after import = 2
========================================================================
Received Import Request.
  Time since last request: 0.000016 seconds.
  path: Assets/physicsimgs/page-032.png
  artifactKey: Guid(81bf0ab2182f4b24d9be034d795b7c77) Importer(815301076,1909f56bfc062723c751e8b465ee728b)
Start importing Assets/physicsimgs/page-032.png using Guid(81bf0ab2182f4b24d9be034d795b7c77) Importer(815301076,1909f56bfc062723c751e8b465ee728b)  -> (artifact id: 'd89ea1a07ce44807862a6be8cbec6585') in 0.026693 seconds
Number of updated asset objects reloaded before import = 0
Number of asset objects unloaded after import = 2
========================================================================
Received Import Request.
  Time since last request: 0.000014 seconds.
  path: Assets/physicsimgs/page-072.png
  artifactKey: Guid(f93ad8e84ad298c4188b8140c9d9c78c) Importer(815301076,1909f56bfc062723c751e8b465ee728b)
Start importing Assets/physicsimgs/page-072.png using Guid(f93ad8e84ad298c4188b8140c9d9c78c) Importer(815301076,1909f56bfc062723c751e8b465ee728b)  -> (artifact id: '93f22eeb4f7f9b600e6c51ba594bc461') in 0.024768 seconds
Number of updated asset objects reloaded before import = 0
Number of asset objects unloaded after import = 2
========================================================================
Received Import Request.
  Time since last request: 0.000017 seconds.
  path: Assets/physicsimgs/page-051.png
  artifactKey: Guid(1ca9998e04054fd44a1252e214ce7c1b) Importer(815301076,1909f56bfc062723c751e8b465ee728b)
Start importing Assets/physicsimgs/page-051.png using Guid(1ca9998e04054fd44a1252e214ce7c1b) Importer(815301076,1909f56bfc062723c751e8b465ee728b)  -> (artifact id: '9a9c09685cf3443befdfa5770b9f5255') in 0.025090 seconds
Number of updated asset objects reloaded before import = 0
Number of asset objects unloaded after import = 2
========================================================================
Received Import Request.
  Time since last request: 0.000027 seconds.
  path: Assets/physicsimgs/page-057.png
  artifactKey: Guid(ae51c540c1b6ef94998931f13e718edc) Importer(815301076,1909f56bfc062723c751e8b465ee728b)
Start importing Assets/physicsimgs/page-057.png using Guid(ae51c540c1b6ef94998931f13e718edc) Importer(815301076,1909f56bfc062723c751e8b465ee728b)  -> (artifact id: '4b40904221d4c78ddfbb293a984a8a62') in 0.025149 seconds
Number of updated asset objects reloaded before import = 0
Number of asset objects unloaded after import = 2
========================================================================
Received Import Request.
  Time since last request: 0.000014 seconds.
  path: Assets/physicsimgs/page-020.png
  artifactKey: Guid(9345533c1f263f744860fa14ed0fc9af) Importer(815301076,1909f56bfc062723c751e8b465ee728b)
Start importing Assets/physicsimgs/page-020.png using Guid(9345533c1f263f744860fa14ed0fc9af) Importer(815301076,1909f56bfc062723c751e8b465ee728b)  -> (artifact id: '63c94ddbd86958076d140be36037ae69') in 0.026061 seconds
Number of updated asset objects reloaded before import = 0
Number of asset objects unloaded after import = 2
========================================================================
Received Import Request.
  Time since last request: 0.000024 seconds.
  path: Assets/physicsimgs/page-067.png
  artifactKey: Guid(31b7e312b233f08468284dba68df7033) Importer(815301076,1909f56bfc062723c751e8b465ee728b)
Start importing Assets/physicsimgs/page-067.png using Guid(31b7e312b233f08468284dba68df7033) Importer(815301076,1909f56bfc062723c751e8b465ee728b)  -> (artifact id: 'e1be6964ffc3fc8e39fe39482ab51f66') in 0.030314 seconds
Number of updated asset objects reloaded before import = 0
Number of asset objects unloaded after import = 2
========================================================================
Received Import Request.
  Time since last request: 0.000036 seconds.
  path: Assets/physicsimgs/page-071.png
  artifactKey: Guid(c3737ce521938354eb0cfb82f00dbb80) Importer(815301076,1909f56bfc062723c751e8b465ee728b)
Start importing Assets/physicsimgs/page-071.png using Guid(c3737ce521938354eb0cfb82f00dbb80) Importer(815301076,1909f56bfc062723c751e8b465ee728b)  -> (artifact id: 'dd42e6c65d00d5b8f78547ff17e02107') in 0.025365 seconds
Number of updated asset objects reloaded before import = 0
Number of asset objects unloaded after import = 2
========================================================================
Received Import Request.
  Time since last request: 0.000016 seconds.
  path: Assets/physicsimgs/page-036.png
  artifactKey: Guid(4408e251d63d8c946a006df562f37802) Importer(815301076,1909f56bfc062723c751e8b465ee728b)
Start importing Assets/physicsimgs/page-036.png using Guid(4408e251d63d8c946a006df562f37802) Importer(815301076,1909f56bfc062723c751e8b465ee728b)  -> (artifact id: 'fddbf36a95c8e7daf8edcacceb336e96') in 0.026448 seconds
Number of updated asset objects reloaded before import = 0
Number of asset objects unloaded after import = 2
========================================================================
Received Import Request.
  Time since last request: 0.000022 seconds.
  path: Assets/physicsimgs/page-048.png
  artifactKey: Guid(0fca8f887f805cc498c8672e1a5d4209) Importer(815301076,1909f56bfc062723c751e8b465ee728b)
Start importing Assets/physicsimgs/page-048.png using Guid(0fca8f887f805cc498c8672e1a5d4209) Importer(815301076,1909f56bfc062723c751e8b465ee728b)  -> (artifact id: '559f045da7a382d7e96978cf1a0c40c0') in 0.027020 seconds
Number of updated asset objects reloaded before import = 0
Number of asset objects unloaded after import = 2
========================================================================
Received Import Request.
  Time since last request: 0.000016 seconds.
  path: Assets/physicsimgs/page-065.png
  artifactKey: Guid(789a97f756434a74c9470de76751633c) Importer(815301076,1909f56bfc062723c751e8b465ee728b)
Start importing Assets/physicsimgs/page-065.png using Guid(789a97f756434a74c9470de76751633c) Importer(815301076,1909f56bfc062723c751e8b465ee728b)  -> (artifact id: '9ece87f9459bb06f4f9b96cb3ef8b5b7') in 0.027300 seconds
Number of updated asset objects reloaded before import = 0
Number of asset objects unloaded after import = 2
========================================================================
Received Import Request.
  Time since last request: 0.000016 seconds.
  path: Assets/physicsimgs/page-029.png
  artifactKey: Guid(867c07dab8781a84e9b876324885f42a) Importer(815301076,1909f56bfc062723c751e8b465ee728b)
Start importing Assets/physicsimgs/page-029.png using Guid(867c07dab8781a84e9b876324885f42a) Importer(815301076,1909f56bfc062723c751e8b465ee728b)  -> (artifact id: '6fc7c49dce6d608d5c56bbf418c94aa2') in 0.029100 seconds
Number of updated asset objects reloaded before import = 0
Number of asset objects unloaded after import = 2
========================================================================
Received Import Request.
  Time since last request: 0.000019 seconds.
  path: Assets/physicsimgs/page-049.png
  artifactKey: Guid(b026acb6d0a085b40947152aa89828f5) Importer(815301076,1909f56bfc062723c751e8b465ee728b)
Start importing Assets/physicsimgs/page-049.png using Guid(b026acb6d0a085b40947152aa89828f5) Importer(815301076,1909f56bfc062723c751e8b465ee728b)  -> (artifact id: '03d26768820b34e797b45d882a4f74ca') in 0.027895 seconds
Number of updated asset objects reloaded before import = 0
Number of asset objects unloaded after import = 2
========================================================================
Received Import Request.
  Time since last request: 0.000029 seconds.
  path: Assets/physicsimgs/page-040.png
  artifactKey: Guid(f4ec49c54378d464b8fdf3a28781fddd) Importer(815301076,1909f56bfc062723c751e8b465ee728b)
Start importing Assets/physicsimgs/page-040.png using Guid(f4ec49c54378d464b8fdf3a28781fddd) Importer(815301076,1909f56bfc062723c751e8b465ee728b)  -> (artifact id: '57d82500ab06d9be77c2bae51be99f64') in 0.027463 seconds
Number of updated asset objects reloaded before import = 0
Number of asset objects unloaded after import = 2
========================================================================
Received Import Request.
  Time since last request: 0.000017 seconds.
  path: Assets/physicsimgs/page-066.png
  artifactKey: Guid(8844e2d1377a7894097b046f61875dcb) Importer(815301076,1909f56bfc062723c751e8b465ee728b)
Start importing Assets/physicsimgs/page-066.png using Guid(8844e2d1377a7894097b046f61875dcb) Importer(815301076,1909f56bfc062723c751e8b465ee728b)  -> (artifact id: '7f8dbdf08c6303ead71db3056599636a') in 0.032227 seconds
Number of updated asset objects reloaded before import = 0
Number of asset objects unloaded after import = 2
========================================================================
Received Import Request.
  Time since last request: 0.000015 seconds.
  path: Assets/physicsimgs/page-026.png
  artifactKey: Guid(aa27bd9c1d7ca024a9f34f2766309156) Importer(815301076,1909f56bfc062723c751e8b465ee728b)
Start importing Assets/physicsimgs/page-026.png using Guid(aa27bd9c1d7ca024a9f34f2766309156) Importer(815301076,1909f56bfc062723c751e8b465ee728b)  -> (artifact id: '245a143c157fcb70530103fd71076cf4') in 0.029761 seconds
Number of updated asset objects reloaded before import = 0
Number of asset objects unloaded after import = 2
========================================================================
Received Import Request.
  Time since last request: 0.000033 seconds.
  path: Assets/physicsimgs/page-027.png
  artifactKey: Guid(2e39ae52a9ff0b04c900f6fb95675c1d) Importer(815301076,1909f56bfc062723c751e8b465ee728b)
Start importing Assets/physicsimgs/page-027.png using Guid(2e39ae52a9ff0b04c900f6fb95675c1d) Importer(815301076,1909f56bfc062723c751e8b465ee728b)  -> (artifact id: '8e39934e95c02467a81d66fd9835e404') in 0.026073 seconds
Number of updated asset objects reloaded before import = 0
Number of asset objects unloaded after import = 2
========================================================================
Received Import Request.
  Time since last request: 0.000021 seconds.
  path: Assets/physicsimgs/page-064.png
  artifactKey: Guid(f70b4ead34a30964a83fbee0497ce1c7) Importer(815301076,1909f56bfc062723c751e8b465ee728b)
Start importing Assets/physicsimgs/page-064.png using Guid(f70b4ead34a30964a83fbee0497ce1c7) Importer(815301076,1909f56bfc062723c751e8b465ee728b)  -> (artifact id: '216a9bcc23a5df0118dd34fd3f2bcca7') in 0.028619 seconds
Number of updated asset objects reloaded before import = 0
Number of asset objects unloaded after import = 2
========================================================================
Received Import Request.
  Time since last request: 0.000024 seconds.
  path: Assets/physicsimgs/page-035.png
  artifactKey: Guid(7029d174814e0404d9507a7939898833) Importer(815301076,1909f56bfc062723c751e8b465ee728b)
Start importing Assets/physicsimgs/page-035.png using Guid(7029d174814e0404d9507a7939898833) Importer(815301076,1909f56bfc062723c751e8b465ee728b)  -> (artifact id: '5b7e0479f7938b83fa405d220dcdb7e0') in 0.033205 seconds
Number of updated asset objects reloaded before import = 0
Number of asset objects unloaded after import = 2
========================================================================
Received Import Request.
  Time since last request: 0.000017 seconds.
  path: Assets/physicsimgs/page-069.png
  artifactKey: Guid(1321f360e42eeb94bbbfc2beca1a7ca1) Importer(815301076,1909f56bfc062723c751e8b465ee728b)
Start importing Assets/physicsimgs/page-069.png using Guid(1321f360e42eeb94bbbfc2beca1a7ca1) Importer(815301076,1909f56bfc062723c751e8b465ee728b)  -> (artifact id: 'b6bae38f7de45e13f88cce2fc346307e') in 0.028618 seconds
Number of updated asset objects reloaded before import = 0
Number of asset objects unloaded after import = 2
========================================================================
Received Import Request.
  Time since last request: 0.000018 seconds.
  path: Assets/physicsimgs/page-041.png
  artifactKey: Guid(970018ea149090c4b89be39c8a6aaa91) Importer(815301076,1909f56bfc062723c751e8b465ee728b)
Start importing Assets/physicsimgs/page-041.png using Guid(970018ea149090c4b89be39c8a6aaa91) Importer(815301076,1909f56bfc062723c751e8b465ee728b)  -> (artifact id: 'c01ee05ed2d34814877736975c9842fb') in 0.026892 seconds
Number of updated asset objects reloaded before import = 0
Number of asset objects unloaded after import = 2
========================================================================
Received Import Request.
  Time since last request: 0.000029 seconds.
  path: Assets/physicsimgs/page-059.png
  artifactKey: Guid(525a262821dc93d49b78d9bf9b0cd400) Importer(815301076,1909f56bfc062723c751e8b465ee728b)
Start importing Assets/physicsimgs/page-059.png using Guid(525a262821dc93d49b78d9bf9b0cd400) Importer(815301076,1909f56bfc062723c751e8b465ee728b)  -> (artifact id: '348e49930351f946d32ce96b27836dec') in 0.030787 seconds
Number of updated asset objects reloaded before import = 0
Number of asset objects unloaded after import = 2
========================================================================
Received Import Request.
  Time since last request: 0.000023 seconds.
  path: Assets/physicsimgs/page-028.png
  artifactKey: Guid(9f5e6468265799a4abc47f79bd2f1905) Importer(815301076,1909f56bfc062723c751e8b465ee728b)
Start importing Assets/physicsimgs/page-028.png using Guid(9f5e6468265799a4abc47f79bd2f1905) Importer(815301076,1909f56bfc062723c751e8b465ee728b)  -> (artifact id: '1c7b70d7e01dd26359859656751676a8') in 0.028194 seconds
Number of updated asset objects reloaded before import = 0
Number of asset objects unloaded after import = 2
========================================================================
Received Import Request.
  Time since last request: 0.000019 seconds.
  path: Assets/physicsimgs/page-039.png
  artifactKey: Guid(bbc30ee745d5b7b478ac6fd5a25e5dd1) Importer(815301076,1909f56bfc062723c751e8b465ee728b)
Start importing Assets/physicsimgs/page-039.png using Guid(bbc30ee745d5b7b478ac6fd5a25e5dd1) Importer(815301076,1909f56bfc062723c751e8b465ee728b)  -> (artifact id: '5a4697c4f0f23eaf9324cce612c7167b') in 0.025293 seconds
Number of updated asset objects reloaded before import = 0
Number of asset objects unloaded after import = 2
Editor requested this worker to shutdown with reason: Scaling down because of idle timeout
TcpMessagingSession - receive error
AssetImportWorkerClient::OnTransportError - code=2 error=End of file
AssetImportWorker is now disconnected from the server
Process exiting
Exiting without the bug reporter. Application will terminate with return code 0