Using pre-set license
Built from '2022.3/staging' branch; Version is '2022.3.24f1 (334eb2a0b267) revision 3362482'; Using compiler version '192829333'; Build Type 'Release'
OS: 'Windows 11  (10.0.22631) 64bit Core' Language: 'en' Physical Memory: 16021 MB
BatchMode: 1, IsHumanControllingUs: 0, StartBugReporterOnCrash: 0, Is64bit: 1, IsPro: 1

COMMAND LINE ARGUMENTS:
C:\Program Files\Unity\Hub\Editor\2022.3.24f1\Editor\Unity.exe
-adb2
-batchMode
-noUpm
-name
AssetImportWorker0
-projectPath
C:/Users/peter/OneDrive/Documents/LL/Summer Physics Model
-logFile
Logs/AssetImportWorker0.log
-srvPort
52056
Successfully changed project path to: C:/Users/peter/OneDrive/Documents/LL/Summer Physics Model
C:/Users/peter/OneDrive/Documents/LL/Summer Physics Model
[UnityMemory] Configuration Parameters - Can be set up in boot.config
    "memorysetup-bucket-allocator-granularity=16"
    "memorysetup-bucket-allocator-bucket-count=8"
    "memorysetup-bucket-allocator-block-size=33554432"
    "memorysetup-bucket-allocator-block-count=8"
    "memorysetup-main-allocator-block-size=16777216"
    "memorysetup-thread-allocator-block-size=16777216"
    "memorysetup-gfx-main-allocator-block-size=16777216"
    "memorysetup-gfx-thread-allocator-block-size=16777216"
    "memorysetup-cache-allocator-block-size=4194304"
    "memorysetup-typetree-allocator-block-size=2097152"
    "memorysetup-profiler-bucket-allocator-granularity=16"
    "memorysetup-profiler-bucket-allocator-bucket-count=8"
    "memorysetup-profiler-bucket-allocator-block-size=33554432"
    "memorysetup-profiler-bucket-allocator-block-count=8"
    "memorysetup-profiler-allocator-block-size=16777216"
    "memorysetup-profiler-editor-allocator-block-size=1048576"
    "memorysetup-temp-allocator-size-main=16777216"
    "memorysetup-job-temp-allocator-block-size=2097152"
    "memorysetup-job-temp-allocator-block-size-background=1048576"
    "memorysetup-job-temp-allocator-reduction-small-platforms=262144"
    "memorysetup-allocator-temp-initial-block-size-main=262144"
    "memorysetup-allocator-temp-initial-block-size-worker=262144"
    "memorysetup-temp-allocator-size-background-worker=32768"
    "memorysetup-temp-allocator-size-job-worker=262144"
    "memorysetup-temp-allocator-size-preload-manager=33554432"
    "memorysetup-temp-allocator-size-nav-mesh-worker=65536"
    "memorysetup-temp-allocator-size-audio-worker=65536"
    "memorysetup-temp-allocator-size-cloud-worker=32768"
    "memorysetup-temp-allocator-size-gi-baking-worker=262144"
    "memorysetup-temp-allocator-size-gfx=262144"
Player connection [22684] Host "[IP] 192.168.31.199 [Port] 0 [Flags] 2 [Guid] 555820899 [EditorId] 555820899 [Version] 1048832 [Id] WindowsEditor(7,Guo_Desktop) [Debug] 1 [PackageName] WindowsEditor [ProjectName] Editor" joined multi-casting on [225.0.0.222:54997]...

Player connection [22684] Host "[IP] 192.168.31.199 [Port] 0 [Flags] 2 [Guid] 555820899 [EditorId] 555820899 [Version] 1048832 [Id] WindowsEditor(7,Guo_Desktop) [Debug] 1 [PackageName] WindowsEditor [ProjectName] Editor" joined alternative multi-casting on [225.0.0.222:34997]...

[Physics::Module] Initialized MultithreadedJobDispatcher with 19 workers.
Refreshing native plugins compatible for Editor in 7.53 ms, found 4 plugins.
Preloading 0 native plugins for Editor in 0.00 ms.
Initialize engine version: 2022.3.24f1 (334eb2a0b267)
[Subsystems] Discovering subsystems at path C:/Program Files/Unity/Hub/Editor/2022.3.24f1/Editor/Data/Resources/UnitySubsystems
[Subsystems] Discovering subsystems at path C:/Users/peter/OneDrive/Documents/LL/Summer Physics Model/Assets
GfxDevice: creating device client; threaded=0; jobified=0
Direct3D:
    Version:  Direct3D 11.0 [level 11.1]
    Renderer: Intel(R) Arc(TM) A370M Graphics (ID=0x5693)
    Vendor:   Intel
    VRAM:     4018 MB
    Driver:   31.0.101.4644
Initialize mono
Mono path[0] = 'C:/Program Files/Unity/Hub/Editor/2022.3.24f1/Editor/Data/Managed'
Mono path[1] = 'C:/Program Files/Unity/Hub/Editor/2022.3.24f1/Editor/Data/MonoBleedingEdge/lib/mono/unityjit-win32'
Mono config path = 'C:/Program Files/Unity/Hub/Editor/2022.3.24f1/Editor/Data/MonoBleedingEdge/etc'
Using monoOptions --debugger-agent=transport=dt_socket,embedding=1,server=y,suspend=n,address=127.0.0.1:56800
Begin MonoManager ReloadAssembly
Registering precompiled unity dll's ...
Register platform support module: C:/Program Files/Unity/Hub/Editor/2022.3.24f1/Editor/Data/PlaybackEngines/AndroidPlayer/UnityEditor.Android.Extensions.dll
Register platform support module: C:/Program Files/Unity/Hub/Editor/2022.3.24f1/Editor/Data/PlaybackEngines/iOSSupport/UnityEditor.iOS.Extensions.dll
Register platform support module: C:/Program Files/Unity/Hub/Editor/2022.3.24f1/Editor/Data/PlaybackEngines/WindowsStandaloneSupport/UnityEditor.WindowsStandalone.Extensions.dll
Registered in 0.008341 seconds.
- Loaded All Assemblies, in  0.288 seconds
Native extension for WindowsStandalone target not found
[usbmuxd] Start listen thread
[usbmuxd] Listen thread started
Native extension for iOS target not found
Native extension for Android target not found
Android Extension - Scanning For ADB Devices 244 ms
Mono: successfully reloaded assembly
- Finished resetting the current domain, in  0.515 seconds
Domain Reload Profiling: 801ms
	BeginReloadAssembly (91ms)
		ExecutionOrderSort (0ms)
		DisableScriptedObjects (0ms)
		BackupInstance (0ms)
		ReleaseScriptingObjects (0ms)
		CreateAndSetChildDomain (1ms)
	RebuildCommonClasses (25ms)
	RebuildNativeTypeToScriptingClass (8ms)
	initialDomainReloadingComplete (48ms)
	LoadAllAssembliesAndSetupDomain (114ms)
		LoadAssemblies (90ms)
		RebuildTransferFunctionScriptingTraits (0ms)
		AnalyzeDomain (112ms)
			TypeCache.Refresh (111ms)
				TypeCache.ScanAssembly (101ms)
			ScanForSourceGeneratedMonoScriptInfo (0ms)
			ResolveRequiredComponents (0ms)
	FinalizeReload (515ms)
		ReleaseScriptCaches (0ms)
		RebuildScriptCaches (0ms)
		SetupLoadedEditorAssemblies (470ms)
			LogAssemblyErrors (0ms)
			InitializePlatformSupportModulesInManaged (336ms)
			SetLoadedEditorAssemblies (3ms)
			RefreshPlugins (0ms)
			BeforeProcessingInitializeOnLoad (2ms)
			ProcessInitializeOnLoadAttributes (93ms)
			ProcessInitializeOnLoadMethodAttributes (35ms)
			AfterProcessingInitializeOnLoad (0ms)
			EditorAssembliesLoaded (0ms)
		ExecutionOrderSort2 (0ms)
		AwakeInstancesAfterBackupRestoration (0ms)
========================================================================
Worker process is ready to serve import requests
Begin MonoManager ReloadAssembly
- Loaded All Assemblies, in  0.564 seconds
Refreshing native plugins compatible for Editor in 4.34 ms, found 4 plugins.
Native extension for WindowsStandalone target not found
Native extension for iOS target not found
Native extension for Android target not found
Package Manager log level set to [2]
[Package Manager] Server::EnsureServerProcessIsRunning -- launch failed, reason: Unity was launched with the -noUpm command-line argument
[Package Manager] UpmClient::Send -- Unable to send message (not connected to UPM process).
[Package Manager] Cannot connect to Unity Package Manager local server
[Package Manager] Server::EnsureServerProcessIsRunning -- launch failed, reason: Unity was launched with the -noUpm command-line argument
[Package Manager] UpmClient::Send -- Unable to send message (not connected to UPM process).
[Package Manager] Cannot connect to Unity Package Manager local server
Mono: successfully reloaded assembly
[Package Manager] Server::EnsureServerProcessIsRunning -- launch failed, reason: Unity was launched with the -noUpm command-line argument
[Package Manager] UpmClient::Send -- Unable to send message (not connected to UPM process).
[Package Manager] Cannot connect to Unity Package Manager local server
[Package Manager] Server::EnsureServerProcessIsRunning -- launch failed, reason: Unity was launched with the -noUpm command-line argument
[Package Manager] UpmClient::Send -- Unable to send message (not connected to UPM process).
[Package Manager] Cannot connect to Unity Package Manager local server
- Finished resetting the current domain, in  0.594 seconds
Domain Reload Profiling: 1155ms
	BeginReloadAssembly (118ms)
		ExecutionOrderSort (0ms)
		DisableScriptedObjects (4ms)
		BackupInstance (0ms)
		ReleaseScriptingObjects (0ms)
		CreateAndSetChildDomain (17ms)
	RebuildCommonClasses (26ms)
	RebuildNativeTypeToScriptingClass (8ms)
	initialDomainReloadingComplete (33ms)
	LoadAllAssembliesAndSetupDomain (377ms)
		LoadAssemblies (272ms)
		RebuildTransferFunctionScriptingTraits (0ms)
		AnalyzeDomain (176ms)
			TypeCache.Refresh (147ms)
				TypeCache.ScanAssembly (132ms)
			ScanForSourceGeneratedMonoScriptInfo (17ms)
			ResolveRequiredComponents (10ms)
	FinalizeReload (594ms)
		ReleaseScriptCaches (0ms)
		RebuildScriptCaches (0ms)
		SetupLoadedEditorAssemblies (435ms)
			LogAssemblyErrors (0ms)
			InitializePlatformSupportModulesInManaged (32ms)
			SetLoadedEditorAssemblies (3ms)
			RefreshPlugins (0ms)
			BeforeProcessingInitializeOnLoad (62ms)
			ProcessInitializeOnLoadAttributes (309ms)
			ProcessInitializeOnLoadMethodAttributes (22ms)
			AfterProcessingInitializeOnLoad (6ms)
			EditorAssembliesLoaded (0ms)
		ExecutionOrderSort2 (0ms)
		AwakeInstancesAfterBackupRestoration (6ms)
Launched and connected shader compiler UnityShaderCompiler.exe after 0.04 seconds
Refreshing native plugins compatible for Editor in 3.56 ms, found 4 plugins.
Preloading 0 native plugins for Editor in 0.00 ms.
Unloading 4390 Unused Serialized files (Serialized files now loaded: 0)
Unloading 57 unused Assets / (1.2 MB). Loaded Objects now: 4852.
Memory consumption went from 164.6 MB to 163.4 MB.
Total: 3.469700 ms (FindLiveObjects: 0.281500 ms CreateObjectMapping: 0.139200 ms MarkObjects: 2.559900 ms  DeleteObjects: 0.488000 ms)

AssetImportParameters requested are different than current active one (requested -> active):
  custom:container-demuxer-ogg: 62fdf1f143b41e24485cea50d1cbac27 -> 
  custom:video-codec-MediaFoundation-h265: 746d11721c4dcdbdad8f713fa42b33f4 -> 
  custom:video-decoder-ogg-theora: a1e56fd34408186e4bbccfd4996cb3dc -> 
  custom:framework-win-MediaFoundation: 216162199b28c13a410421893ffa2e32 -> 
  custom:CustomObjectIndexerAttribute: 9a22284fe3817be447336de3de66b15e -> 
  custom:container-demuxer-webm: 4f35f7cbe854078d1ac9338744f61a02 -> 
  custom:container-muxer-webm: aa71ff27fc2769a1b78a27578f13a17b -> 
  custom:video-decoder-webm-vp8: 9c59270c3fd7afecdb556c50c9e8de78 -> 
  custom:SearchIndexIgnoredProperties: e643bd26f0fe6173181afceb89e7c659 -> 
  custom:AudioImporter_EditorPlatform: d09bf68614088b80899f8185d706f6e7 -> 
  custom:video-encoder-webm-vp8: eb34c28f22e8b96e1ab97ce403110664 -> 
  custom:audio-decoder-ogg-vorbis: bf7c407c2cedff20999df2af8eb42d56 -> 
  custom:audio-encoder-webm-vorbis: bf7c407c2cedff20999df2af8eb42d56 -> 
========================================================================
Received Prepare
Begin MonoManager ReloadAssembly
- Loaded All Assemblies, in  0.406 seconds
Refreshing native plugins compatible for Editor in 5.46 ms, found 4 plugins.
Native extension for WindowsStandalone target not found
Native extension for iOS target not found
Native extension for Android target not found
[Package Manager] Server::EnsureServerProcessIsRunning -- launch failed, reason: Unity was launched with the -noUpm command-line argument
[Package Manager] UpmClient::Send -- Unable to send message (not connected to UPM process).
[Package Manager] Cannot connect to Unity Package Manager local server
[Package Manager] Server::EnsureServerProcessIsRunning -- launch failed, reason: Unity was launched with the -noUpm command-line argument
[Package Manager] UpmClient::Send -- Unable to send message (not connected to UPM process).
[Package Manager] Cannot connect to Unity Package Manager local server
Mono: successfully reloaded assembly
[Package Manager] Server::EnsureServerProcessIsRunning -- launch failed, reason: Unity was launched with the -noUpm command-line argument
[Package Manager] UpmClient::Send -- Unable to send message (not connected to UPM process).
[Package Manager] Cannot connect to Unity Package Manager local server
- Finished resetting the current domain, in  0.783 seconds
Domain Reload Profiling: 1186ms
	BeginReloadAssembly (132ms)
		ExecutionOrderSort (0ms)
		DisableScriptedObjects (3ms)
		BackupInstance (0ms)
		ReleaseScriptingObjects (0ms)
		CreateAndSetChildDomain (30ms)
	RebuildCommonClasses (29ms)
	RebuildNativeTypeToScriptingClass (9ms)
	initialDomainReloadingComplete (23ms)
	LoadAllAssembliesAndSetupDomain (209ms)
		LoadAssemblies (252ms)
		RebuildTransferFunctionScriptingTraits (0ms)
		AnalyzeDomain (26ms)
			TypeCache.Refresh (8ms)
				TypeCache.ScanAssembly (0ms)
			ScanForSourceGeneratedMonoScriptInfo (11ms)
			ResolveRequiredComponents (6ms)
	FinalizeReload (783ms)
		ReleaseScriptCaches (0ms)
		RebuildScriptCaches (0ms)
		SetupLoadedEditorAssemblies (394ms)
			LogAssemblyErrors (0ms)
			InitializePlatformSupportModulesInManaged (33ms)
			SetLoadedEditorAssemblies (4ms)
			RefreshPlugins (0ms)
			BeforeProcessingInitializeOnLoad (65ms)
			ProcessInitializeOnLoadAttributes (258ms)
			ProcessInitializeOnLoadMethodAttributes (29ms)
			AfterProcessingInitializeOnLoad (6ms)
			EditorAssembliesLoaded (0ms)
		ExecutionOrderSort2 (0ms)
		AwakeInstancesAfterBackupRestoration (8ms)
Refreshing native plugins compatible for Editor in 3.77 ms, found 4 plugins.
Preloading 0 native plugins for Editor in 0.00 ms.
Unloading 4357 Unused Serialized files (Serialized files now loaded: 0)
Unloading 37 unused Assets / (1.2 MB). Loaded Objects now: 4856.
Memory consumption went from 160.0 MB to 158.8 MB.
Total: 3.401000 ms (FindLiveObjects: 0.192600 ms CreateObjectMapping: 0.082600 ms MarkObjects: 2.685100 ms  DeleteObjects: 0.440000 ms)

Prepare: number of updated asset objects reloaded= 0
AssetImportParameters requested are different than current active one (requested -> active):
  custom:container-demuxer-ogg: 62fdf1f143b41e24485cea50d1cbac27 -> 
  custom:video-codec-MediaFoundation-h265: 746d11721c4dcdbdad8f713fa42b33f4 -> 
  custom:video-decoder-ogg-theora: a1e56fd34408186e4bbccfd4996cb3dc -> 
  custom:framework-win-MediaFoundation: 216162199b28c13a410421893ffa2e32 -> 
  custom:CustomObjectIndexerAttribute: 9a22284fe3817be447336de3de66b15e -> 
  custom:container-demuxer-webm: 4f35f7cbe854078d1ac9338744f61a02 -> 
  custom:container-muxer-webm: aa71ff27fc2769a1b78a27578f13a17b -> 
  custom:video-decoder-webm-vp8: 9c59270c3fd7afecdb556c50c9e8de78 -> 
  custom:SearchIndexIgnoredProperties: e643bd26f0fe6173181afceb89e7c659 -> 
  custom:AudioImporter_EditorPlatform: d09bf68614088b80899f8185d706f6e7 -> 
  custom:video-encoder-webm-vp8: eb34c28f22e8b96e1ab97ce403110664 -> 
  custom:audio-decoder-ogg-vorbis: bf7c407c2cedff20999df2af8eb42d56 -> 
  custom:audio-encoder-webm-vorbis: bf7c407c2cedff20999df2af8eb42d56 -> 
========================================================================
Received Prepare
Begin MonoManager ReloadAssembly
- Loaded All Assemblies, in  0.908 seconds
Refreshing native plugins compatible for Editor in 4.87 ms, found 4 plugins.
Native extension for WindowsStandalone target not found
Native extension for iOS target not found
Native extension for Android target not found
[Package Manager] Server::EnsureServerProcessIsRunning -- launch failed, reason: Unity was launched with the -noUpm command-line argument
[Package Manager] UpmClient::Send -- Unable to send message (not connected to UPM process).
[Package Manager] Cannot connect to Unity Package Manager local server
[Package Manager] Server::EnsureServerProcessIsRunning -- launch failed, reason: Unity was launched with the -noUpm command-line argument
[Package Manager] UpmClient::Send -- Unable to send message (not connected to UPM process).
[Package Manager] Cannot connect to Unity Package Manager local server
Mono: successfully reloaded assembly
[Package Manager] Server::EnsureServerProcessIsRunning -- launch failed, reason: Unity was launched with the -noUpm command-line argument
[Package Manager] UpmClient::Send -- Unable to send message (not connected to UPM process).
[Package Manager] Cannot connect to Unity Package Manager local server
- Finished resetting the current domain, in  0.769 seconds
Domain Reload Profiling: 1667ms
	BeginReloadAssembly (323ms)
		ExecutionOrderSort (0ms)
		DisableScriptedObjects (12ms)
		BackupInstance (0ms)
		ReleaseScriptingObjects (0ms)
		CreateAndSetChildDomain (76ms)
	RebuildCommonClasses (54ms)
	RebuildNativeTypeToScriptingClass (19ms)
	initialDomainReloadingComplete (52ms)
	LoadAllAssembliesAndSetupDomain (449ms)
		LoadAssemblies (591ms)
		RebuildTransferFunctionScriptingTraits (0ms)
		AnalyzeDomain (27ms)
			TypeCache.Refresh (8ms)
				TypeCache.ScanAssembly (0ms)
			ScanForSourceGeneratedMonoScriptInfo (12ms)
			ResolveRequiredComponents (6ms)
	FinalizeReload (770ms)
		ReleaseScriptCaches (0ms)
		RebuildScriptCaches (0ms)
		SetupLoadedEditorAssemblies (390ms)
			LogAssemblyErrors (0ms)
			InitializePlatformSupportModulesInManaged (29ms)
			SetLoadedEditorAssemblies (3ms)
			RefreshPlugins (0ms)
			BeforeProcessingInitializeOnLoad (62ms)
			ProcessInitializeOnLoadAttributes (262ms)
			ProcessInitializeOnLoadMethodAttributes (29ms)
			AfterProcessingInitializeOnLoad (5ms)
			EditorAssembliesLoaded (0ms)
		ExecutionOrderSort2 (0ms)
		AwakeInstancesAfterBackupRestoration (8ms)
Refreshing native plugins compatible for Editor in 4.32 ms, found 4 plugins.
Preloading 0 native plugins for Editor in 0.00 ms.
Unloading 4357 Unused Serialized files (Serialized files now loaded: 0)
Unloading 37 unused Assets / (1.2 MB). Loaded Objects now: 4860.
Memory consumption went from 161.9 MB to 160.7 MB.
Total: 3.188300 ms (FindLiveObjects: 0.192800 ms CreateObjectMapping: 0.084900 ms MarkObjects: 2.472100 ms  DeleteObjects: 0.437400 ms)

Prepare: number of updated asset objects reloaded= 0
AssetImportParameters requested are different than current active one (requested -> active):
  custom:container-demuxer-ogg: 62fdf1f143b41e24485cea50d1cbac27 -> 
  custom:video-codec-MediaFoundation-h265: 746d11721c4dcdbdad8f713fa42b33f4 -> 
  custom:video-decoder-ogg-theora: a1e56fd34408186e4bbccfd4996cb3dc -> 
  custom:framework-win-MediaFoundation: 216162199b28c13a410421893ffa2e32 -> 
  custom:CustomObjectIndexerAttribute: 9a22284fe3817be447336de3de66b15e -> 
  custom:container-demuxer-webm: 4f35f7cbe854078d1ac9338744f61a02 -> 
  custom:container-muxer-webm: aa71ff27fc2769a1b78a27578f13a17b -> 
  custom:video-decoder-webm-vp8: 9c59270c3fd7afecdb556c50c9e8de78 -> 
  custom:SearchIndexIgnoredProperties: e643bd26f0fe6173181afceb89e7c659 -> 
  custom:AudioImporter_EditorPlatform: d09bf68614088b80899f8185d706f6e7 -> 
  custom:video-encoder-webm-vp8: eb34c28f22e8b96e1ab97ce403110664 -> 
  custom:audio-decoder-ogg-vorbis: bf7c407c2cedff20999df2af8eb42d56 -> 
  custom:audio-encoder-webm-vorbis: bf7c407c2cedff20999df2af8eb42d56 -> 
========================================================================
Received Import Request.
  Time since last request: 347831.119180 seconds.
  path: Assets/ARUI.cs
  artifactKey: Guid(aecc9269335d5514088e5da117655282) Importer(815301076,1909f56bfc062723c751e8b465ee728b)
Start importing Assets/ARUI.cs using Guid(aecc9269335d5514088e5da117655282) Importer(815301076,1909f56bfc062723c751e8b465ee728b)  -> (artifact id: '3f31520c797e890f1f0b71dc0f1842cb') in 0.001451 seconds
Number of updated asset objects reloaded before import = 0
Number of asset objects unloaded after import = 0
========================================================================
Received Import Request.
  Time since last request: 7.710673 seconds.
  path: Assets/Resource Load.cs
  artifactKey: Guid(27b5f3f27a8bb664e8e3f00f47cfb1cd) Importer(815301076,1909f56bfc062723c751e8b465ee728b)
Start importing Assets/Resource Load.cs using Guid(27b5f3f27a8bb664e8e3f00f47cfb1cd) Importer(815301076,1909f56bfc062723c751e8b465ee728b)  -> (artifact id: 'b662f8af6d911898c07445de654c1825') in 0.000751 seconds
Number of updated asset objects reloaded before import = 0
Number of asset objects unloaded after import = 0
========================================================================
Received Import Request.
  Time since last request: 22.641296 seconds.
  path: Assets/Resource Load.cs
  artifactKey: Guid(27b5f3f27a8bb664e8e3f00f47cfb1cd) Importer(815301076,1909f56bfc062723c751e8b465ee728b)
Start importing Assets/Resource Load.cs using Guid(27b5f3f27a8bb664e8e3f00f47cfb1cd) Importer(815301076,1909f56bfc062723c751e8b465ee728b)  -> (artifact id: '92216fcc915c4eb6d1938ea74262598b') in 0.001080 seconds
Number of updated asset objects reloaded before import = 0
Number of asset objects unloaded after import = 0
========================================================================
Received Prepare
Begin MonoManager ReloadAssembly
- Loaded All Assemblies, in  0.474 seconds
Refreshing native plugins compatible for Editor in 4.28 ms, found 4 plugins.
Native extension for WindowsStandalone target not found
Native extension for iOS target not found
Native extension for Android target not found
[Package Manager] Server::EnsureServerProcessIsRunning -- launch failed, reason: Unity was launched with the -noUpm command-line argument
[Package Manager] UpmClient::Send -- Unable to send message (not connected to UPM process).
[Package Manager] Cannot connect to Unity Package Manager local server
[Package Manager] Server::EnsureServerProcessIsRunning -- launch failed, reason: Unity was launched with the -noUpm command-line argument
[Package Manager] UpmClient::Send -- Unable to send message (not connected to UPM process).
[Package Manager] Cannot connect to Unity Package Manager local server
Mono: successfully reloaded assembly
[Package Manager] Server::EnsureServerProcessIsRunning -- launch failed, reason: Unity was launched with the -noUpm command-line argument
[Package Manager] UpmClient::Send -- Unable to send message (not connected to UPM process).
[Package Manager] Cannot connect to Unity Package Manager local server
- Finished resetting the current domain, in  0.896 seconds
Domain Reload Profiling: 1368ms
	BeginReloadAssembly (133ms)
		ExecutionOrderSort (0ms)
		DisableScriptedObjects (4ms)
		BackupInstance (0ms)
		ReleaseScriptingObjects (0ms)
		CreateAndSetChildDomain (31ms)
	RebuildCommonClasses (29ms)
	RebuildNativeTypeToScriptingClass (12ms)
	initialDomainReloadingComplete (24ms)
	LoadAllAssembliesAndSetupDomain (275ms)
		LoadAssemblies (251ms)
		RebuildTransferFunctionScriptingTraits (0ms)
		AnalyzeDomain (91ms)
			TypeCache.Refresh (70ms)
				TypeCache.ScanAssembly (60ms)
			ScanForSourceGeneratedMonoScriptInfo (15ms)
			ResolveRequiredComponents (6ms)
	FinalizeReload (897ms)
		ReleaseScriptCaches (0ms)
		RebuildScriptCaches (0ms)
		SetupLoadedEditorAssemblies (368ms)
			LogAssemblyErrors (0ms)
			InitializePlatformSupportModulesInManaged (28ms)
			SetLoadedEditorAssemblies (3ms)
			RefreshPlugins (0ms)
			BeforeProcessingInitializeOnLoad (57ms)
			ProcessInitializeOnLoadAttributes (246ms)
			ProcessInitializeOnLoadMethodAttributes (29ms)
			AfterProcessingInitializeOnLoad (6ms)
			EditorAssembliesLoaded (0ms)
		ExecutionOrderSort2 (0ms)
		AwakeInstancesAfterBackupRestoration (8ms)
Refreshing native plugins compatible for Editor in 3.49 ms, found 4 plugins.
Preloading 0 native plugins for Editor in 0.00 ms.
Unloading 4355 Unused Serialized files (Serialized files now loaded: 0)
Unloading 38 unused Assets / (1.2 MB). Loaded Objects now: 4863.
Memory consumption went from 163.7 MB to 162.5 MB.
Total: 3.495800 ms (FindLiveObjects: 0.205400 ms CreateObjectMapping: 0.092300 ms MarkObjects: 2.623300 ms  DeleteObjects: 0.574000 ms)

Prepare: number of updated asset objects reloaded= 0
AssetImportParameters requested are different than current active one (requested -> active):
  custom:container-demuxer-ogg: 62fdf1f143b41e24485cea50d1cbac27 -> 
  custom:video-codec-MediaFoundation-h265: 746d11721c4dcdbdad8f713fa42b33f4 -> 
  custom:video-decoder-ogg-theora: a1e56fd34408186e4bbccfd4996cb3dc -> 
  custom:framework-win-MediaFoundation: 216162199b28c13a410421893ffa2e32 -> 
  custom:CustomObjectIndexerAttribute: 9a22284fe3817be447336de3de66b15e -> 
  custom:container-demuxer-webm: 4f35f7cbe854078d1ac9338744f61a02 -> 
  custom:container-muxer-webm: aa71ff27fc2769a1b78a27578f13a17b -> 
  custom:video-decoder-webm-vp8: 9c59270c3fd7afecdb556c50c9e8de78 -> 
  custom:SearchIndexIgnoredProperties: e643bd26f0fe6173181afceb89e7c659 -> 
  custom:AudioImporter_EditorPlatform: d09bf68614088b80899f8185d706f6e7 -> 
  custom:video-encoder-webm-vp8: eb34c28f22e8b96e1ab97ce403110664 -> 
  custom:audio-decoder-ogg-vorbis: bf7c407c2cedff20999df2af8eb42d56 -> 
  custom:audio-encoder-webm-vorbis: bf7c407c2cedff20999df2af8eb42d56 -> 
========================================================================
Received Import Request.
  Time since last request: 3229.032262 seconds.
  path: Assets/Spring_Mass.fbx
  artifactKey: Guid(f56a2aa6c75aaac4e9e9740d1f426f4d) Importer(815301076,1909f56bfc062723c751e8b465ee728b)
Start importing Assets/Spring_Mass.fbx using Guid(f56a2aa6c75aaac4e9e9740d1f426f4d) Importer(815301076,1909f56bfc062723c751e8b465ee728b)  -> (artifact id: 'add39538703fc44ce9b2ef8b7d504664') in 0.202569 seconds
Number of updated asset objects reloaded before import = 0
Number of asset objects unloaded after import = 24
========================================================================
Received Import Request.
  Time since last request: 10.351858 seconds.
  path: Assets/AR Scene.prefab
  artifactKey: Guid(5f8ad4b33c017eb44a32e41dfddbe1a4) Importer(815301076,1909f56bfc062723c751e8b465ee728b)
Start importing Assets/AR Scene.prefab using Guid(5f8ad4b33c017eb44a32e41dfddbe1a4) Importer(815301076,1909f56bfc062723c751e8b465ee728b)  -> (artifact id: '82fee979c98bb26fccbd7a3cff5568b4') in 0.052069 seconds
Number of updated asset objects reloaded before import = 0
Number of asset objects unloaded after import = 79
========================================================================
Received Import Request.
  Time since last request: 5.127527 seconds.
  path: Assets/AR Scene.prefab
  artifactKey: Guid(5f8ad4b33c017eb44a32e41dfddbe1a4) Importer(815301076,1909f56bfc062723c751e8b465ee728b)
Start importing Assets/AR Scene.prefab using Guid(5f8ad4b33c017eb44a32e41dfddbe1a4) Importer(815301076,1909f56bfc062723c751e8b465ee728b)  -> (artifact id: 'e76932f4a5dddb3ba0f385e79a46e32d') in 0.039427 seconds
Number of updated asset objects reloaded before import = 0
Number of asset objects unloaded after import = 79
========================================================================
Received Import Request.
  Time since last request: 2.971550 seconds.
  path: Assets/AR Scene.prefab
  artifactKey: Guid(5f8ad4b33c017eb44a32e41dfddbe1a4) Importer(815301076,1909f56bfc062723c751e8b465ee728b)
Start importing Assets/AR Scene.prefab using Guid(5f8ad4b33c017eb44a32e41dfddbe1a4) Importer(815301076,1909f56bfc062723c751e8b465ee728b)  -> (artifact id: 'c7f3b95d79e01a0aa069875b5a6c389d') in 0.041302 seconds
Number of updated asset objects reloaded before import = 0
Number of asset objects unloaded after import = 79
========================================================================
Received Import Request.
  Time since last request: 1.405308 seconds.
  path: Assets/AR Scene.prefab
  artifactKey: Guid(5f8ad4b33c017eb44a32e41dfddbe1a4) Importer(815301076,1909f56bfc062723c751e8b465ee728b)
Start importing Assets/AR Scene.prefab using Guid(5f8ad4b33c017eb44a32e41dfddbe1a4) Importer(815301076,1909f56bfc062723c751e8b465ee728b)  -> (artifact id: '839f39ec6dc4483d34bd466b3e7a30d4') in 0.041265 seconds
Number of updated asset objects reloaded before import = 0
Number of asset objects unloaded after import = 79
========================================================================
Received Import Request.
  Time since last request: 3.797444 seconds.
  path: Assets/AR Scene.prefab
  artifactKey: Guid(5f8ad4b33c017eb44a32e41dfddbe1a4) Importer(815301076,1909f56bfc062723c751e8b465ee728b)
Start importing Assets/AR Scene.prefab using Guid(5f8ad4b33c017eb44a32e41dfddbe1a4) Importer(815301076,1909f56bfc062723c751e8b465ee728b)  -> (artifact id: '28e00f4e487cf0535fa09d04d4e2dafa') in 0.037407 seconds
Number of updated asset objects reloaded before import = 0
Number of asset objects unloaded after import = 79
========================================================================
Received Import Request.
  Time since last request: 2.772182 seconds.
  path: Assets/AR Scene.prefab
  artifactKey: Guid(5f8ad4b33c017eb44a32e41dfddbe1a4) Importer(815301076,1909f56bfc062723c751e8b465ee728b)
Start importing Assets/AR Scene.prefab using Guid(5f8ad4b33c017eb44a32e41dfddbe1a4) Importer(815301076,1909f56bfc062723c751e8b465ee728b)  -> (artifact id: 'bf4ab4a9f87ea9add8b61bcefd622d13') in 0.040157 seconds
Number of updated asset objects reloaded before import = 0
Number of asset objects unloaded after import = 79
========================================================================
Received Prepare
Begin MonoManager ReloadAssembly
- Loaded All Assemblies, in  0.662 seconds
Refreshing native plugins compatible for Editor in 3.95 ms, found 4 plugins.
Native extension for WindowsStandalone target not found
Native extension for iOS target not found
Native extension for Android target not found
[Package Manager] Server::EnsureServerProcessIsRunning -- launch failed, reason: Unity was launched with the -noUpm command-line argument
[Package Manager] UpmClient::Send -- Unable to send message (not connected to UPM process).
[Package Manager] Cannot connect to Unity Package Manager local server
[Package Manager] Server::EnsureServerProcessIsRunning -- launch failed, reason: Unity was launched with the -noUpm command-line argument
[Package Manager] UpmClient::Send -- Unable to send message (not connected to UPM process).
[Package Manager] Cannot connect to Unity Package Manager local server
Mono: successfully reloaded assembly
[Package Manager] Server::EnsureServerProcessIsRunning -- launch failed, reason: Unity was launched with the -noUpm command-line argument
[Package Manager] UpmClient::Send -- Unable to send message (not connected to UPM process).
[Package Manager] Cannot connect to Unity Package Manager local server
- Finished resetting the current domain, in  1.072 seconds
Domain Reload Profiling: 1732ms
	BeginReloadAssembly (217ms)
		ExecutionOrderSort (0ms)
		DisableScriptedObjects (5ms)
		BackupInstance (0ms)
		ReleaseScriptingObjects (0ms)
		CreateAndSetChildDomain (79ms)
	RebuildCommonClasses (30ms)
	RebuildNativeTypeToScriptingClass (10ms)
	initialDomainReloadingComplete (28ms)
	LoadAllAssembliesAndSetupDomain (375ms)
		LoadAssemblies (448ms)
		RebuildTransferFunctionScriptingTraits (0ms)
		AnalyzeDomain (14ms)
			TypeCache.Refresh (6ms)
				TypeCache.ScanAssembly (0ms)
			ScanForSourceGeneratedMonoScriptInfo (0ms)
			ResolveRequiredComponents (7ms)
	FinalizeReload (1072ms)
		ReleaseScriptCaches (0ms)
		RebuildScriptCaches (0ms)
		SetupLoadedEditorAssemblies (484ms)
			LogAssemblyErrors (0ms)
			InitializePlatformSupportModulesInManaged (35ms)
			SetLoadedEditorAssemblies (3ms)
			RefreshPlugins (0ms)
			BeforeProcessingInitializeOnLoad (75ms)
			ProcessInitializeOnLoadAttributes (326ms)
			ProcessInitializeOnLoadMethodAttributes (39ms)
			AfterProcessingInitializeOnLoad (5ms)
			EditorAssembliesLoaded (0ms)
		ExecutionOrderSort2 (0ms)
		AwakeInstancesAfterBackupRestoration (8ms)
Refreshing native plugins compatible for Editor in 4.82 ms, found 4 plugins.
Preloading 0 native plugins for Editor in 0.00 ms.
Unloading 4355 Unused Serialized files (Serialized files now loaded: 0)
Unloading 37 unused Assets / (1.2 MB). Loaded Objects now: 4911.
Memory consumption went from 166.1 MB to 165.0 MB.
Total: 7.077600 ms (FindLiveObjects: 0.313700 ms CreateObjectMapping: 0.159300 ms MarkObjects: 6.097400 ms  DeleteObjects: 0.505900 ms)

Prepare: number of updated asset objects reloaded= 0
AssetImportParameters requested are different than current active one (requested -> active):
  custom:container-demuxer-ogg: 62fdf1f143b41e24485cea50d1cbac27 -> 
  custom:video-codec-MediaFoundation-h265: 746d11721c4dcdbdad8f713fa42b33f4 -> 
  custom:video-decoder-ogg-theora: a1e56fd34408186e4bbccfd4996cb3dc -> 
  custom:framework-win-MediaFoundation: 216162199b28c13a410421893ffa2e32 -> 
  custom:CustomObjectIndexerAttribute: 9a22284fe3817be447336de3de66b15e -> 
  custom:container-demuxer-webm: 4f35f7cbe854078d1ac9338744f61a02 -> 
  custom:container-muxer-webm: aa71ff27fc2769a1b78a27578f13a17b -> 
  custom:video-decoder-webm-vp8: 9c59270c3fd7afecdb556c50c9e8de78 -> 
  custom:SearchIndexIgnoredProperties: e643bd26f0fe6173181afceb89e7c659 -> 
  custom:AudioImporter_EditorPlatform: d09bf68614088b80899f8185d706f6e7 -> 
  custom:video-encoder-webm-vp8: eb34c28f22e8b96e1ab97ce403110664 -> 
  custom:audio-decoder-ogg-vorbis: bf7c407c2cedff20999df2af8eb42d56 -> 
  custom:audio-encoder-webm-vorbis: bf7c407c2cedff20999df2af8eb42d56 -> 
========================================================================
Received Import Request.
  Time since last request: 488.920149 seconds.
  path: Assets/AR Scene.prefab
  artifactKey: Guid(5f8ad4b33c017eb44a32e41dfddbe1a4) Importer(815301076,1909f56bfc062723c751e8b465ee728b)
Start importing Assets/AR Scene.prefab using Guid(5f8ad4b33c017eb44a32e41dfddbe1a4) Importer(815301076,1909f56bfc062723c751e8b465ee728b)  -> (artifact id: '7ec8b0a84f560f2540e1688828c6e68c') in 0.100373 seconds
Number of updated asset objects reloaded before import = 0
Number of asset objects unloaded after import = 80
========================================================================
Received Import Request.
  Time since last request: 398.023352 seconds.
  path: Assets/Spring_Mass 1.fbx
  artifactKey: Guid(2b640ac13cec68347bd95c68d56e5e0d) Importer(815301076,1909f56bfc062723c751e8b465ee728b)
Start importing Assets/Spring_Mass 1.fbx using Guid(2b640ac13cec68347bd95c68d56e5e0d) Importer(815301076,1909f56bfc062723c751e8b465ee728b)  -> (artifact id: 'f1fe4ffceb2549b2ad5caf02914968b2') in 0.073087 seconds
Number of updated asset objects reloaded before import = 0
Number of asset objects unloaded after import = 40
========================================================================
Received Import Request.
  Time since last request: 172.889985 seconds.
  path: Assets/Spring_Mass 1.fbx
  artifactKey: Guid(2b640ac13cec68347bd95c68d56e5e0d) Importer(815301076,1909f56bfc062723c751e8b465ee728b)
Start importing Assets/Spring_Mass 1.fbx using Guid(2b640ac13cec68347bd95c68d56e5e0d) Importer(815301076,1909f56bfc062723c751e8b465ee728b)  -> (artifact id: '7a9d208b2dcd6c29b766b2a535098b5f') in 0.056799 seconds
Number of updated asset objects reloaded before import = 0
Number of asset objects unloaded after import = 55
========================================================================
Received Import Request.
  Time since last request: 90.187002 seconds.
  path: Assets/Spring_Mass 1.fbx
  artifactKey: Guid(2b640ac13cec68347bd95c68d56e5e0d) Importer(815301076,1909f56bfc062723c751e8b465ee728b)
Start importing Assets/Spring_Mass 1.fbx using Guid(2b640ac13cec68347bd95c68d56e5e0d) Importer(815301076,1909f56bfc062723c751e8b465ee728b)  -> (artifact id: '21e4a75ee2f918f1477d1fccbca888d6') in 0.094173 seconds
Number of updated asset objects reloaded before import = 0
Number of asset objects unloaded after import = 55
========================================================================
Received Import Request.
  Time since last request: 109.133262 seconds.
  path: Assets/AR Scene.prefab
  artifactKey: Guid(5f8ad4b33c017eb44a32e41dfddbe1a4) Importer(815301076,1909f56bfc062723c751e8b465ee728b)
Start importing Assets/AR Scene.prefab using Guid(5f8ad4b33c017eb44a32e41dfddbe1a4) Importer(815301076,1909f56bfc062723c751e8b465ee728b)  -> (artifact id: 'ee671886066ea6d73eddf7de89751e30') in 0.030436 seconds
Number of updated asset objects reloaded before import = 0
Number of asset objects unloaded after import = 80
========================================================================
Received Import Request.
  Time since last request: 11.758048 seconds.
  path: Assets/AR Scene.prefab
  artifactKey: Guid(5f8ad4b33c017eb44a32e41dfddbe1a4) Importer(815301076,1909f56bfc062723c751e8b465ee728b)
Start importing Assets/AR Scene.prefab using Guid(5f8ad4b33c017eb44a32e41dfddbe1a4) Importer(815301076,1909f56bfc062723c751e8b465ee728b)  -> (artifact id: 'b8a05e438563ff2c72d5d74770edc876') in 0.026134 seconds
Number of updated asset objects reloaded before import = 0
Number of asset objects unloaded after import = 81
========================================================================
Received Import Request.
  Time since last request: 4.064809 seconds.
  path: Assets/AR Scene.prefab
  artifactKey: Guid(5f8ad4b33c017eb44a32e41dfddbe1a4) Importer(815301076,1909f56bfc062723c751e8b465ee728b)
Start importing Assets/AR Scene.prefab using Guid(5f8ad4b33c017eb44a32e41dfddbe1a4) Importer(815301076,1909f56bfc062723c751e8b465ee728b)  -> (artifact id: '47641703f455203ee32d9b9ea9fecf6b') in 0.023526 seconds
Number of updated asset objects reloaded before import = 0
Number of asset objects unloaded after import = 82
========================================================================
Received Import Request.
  Time since last request: 147.053489 seconds.
  path: Assets/Spring_Mass.dae
  artifactKey: Guid(d40ebfbb49d0d2d499ff039278f6e7eb) Importer(815301076,1909f56bfc062723c751e8b465ee728b)
Start importing Assets/Spring_Mass.dae using Guid(d40ebfbb49d0d2d499ff039278f6e7eb) Importer(815301076,1909f56bfc062723c751e8b465ee728b)  -> (artifact id: 'dcb41f39744ae6316447bf7507b25e87') in 0.034795 seconds
Number of updated asset objects reloaded before import = 0
Number of asset objects unloaded after import = 20
========================================================================
Received Import Request.
  Time since last request: 3.065137 seconds.
  path: Assets/AR Scene.prefab
  artifactKey: Guid(5f8ad4b33c017eb44a32e41dfddbe1a4) Importer(815301076,1909f56bfc062723c751e8b465ee728b)
Start importing Assets/AR Scene.prefab using Guid(5f8ad4b33c017eb44a32e41dfddbe1a4) Importer(815301076,1909f56bfc062723c751e8b465ee728b)  -> (artifact id: '6cec522d0b2aab1dbec489125199a834') in 0.040390 seconds
Number of updated asset objects reloaded before import = 0
Number of asset objects unloaded after import = 114
========================================================================
Received Import Request.
  Time since last request: 9.666658 seconds.
  path: Assets/AR Scene.prefab
  artifactKey: Guid(5f8ad4b33c017eb44a32e41dfddbe1a4) Importer(815301076,1909f56bfc062723c751e8b465ee728b)
Start importing Assets/AR Scene.prefab using Guid(5f8ad4b33c017eb44a32e41dfddbe1a4) Importer(815301076,1909f56bfc062723c751e8b465ee728b)  -> (artifact id: 'd4b4ff7992d83f47a094e04cbd375634') in 0.039591 seconds
Number of updated asset objects reloaded before import = 0
Number of asset objects unloaded after import = 114
========================================================================
Received Import Request.
  Time since last request: 8.240236 seconds.
  path: Assets/AR Scene.prefab
  artifactKey: Guid(5f8ad4b33c017eb44a32e41dfddbe1a4) Importer(815301076,1909f56bfc062723c751e8b465ee728b)
Start importing Assets/AR Scene.prefab using Guid(5f8ad4b33c017eb44a32e41dfddbe1a4) Importer(815301076,1909f56bfc062723c751e8b465ee728b)  -> (artifact id: '31f92f29c500409100eea94acbc1889f') in 0.038710 seconds
Number of updated asset objects reloaded before import = 0
Number of asset objects unloaded after import = 80
========================================================================
Received Import Request.
  Time since last request: 180.703579 seconds.
  path: Assets/AR Scene.prefab
  artifactKey: Guid(5f8ad4b33c017eb44a32e41dfddbe1a4) Importer(815301076,1909f56bfc062723c751e8b465ee728b)
Start importing Assets/AR Scene.prefab using Guid(5f8ad4b33c017eb44a32e41dfddbe1a4) Importer(815301076,1909f56bfc062723c751e8b465ee728b)  -> (artifact id: '15bb112f84ae2ef30ba2bb5c3130b34e') in 0.033202 seconds
Number of updated asset objects reloaded before import = 0
Number of asset objects unloaded after import = 81
========================================================================
Received Import Request.
  Time since last request: 30.964363 seconds.
  path: Assets/AR Scene.prefab
  artifactKey: Guid(5f8ad4b33c017eb44a32e41dfddbe1a4) Importer(815301076,1909f56bfc062723c751e8b465ee728b)
Start importing Assets/AR Scene.prefab using Guid(5f8ad4b33c017eb44a32e41dfddbe1a4) Importer(815301076,1909f56bfc062723c751e8b465ee728b)  -> (artifact id: 'a7f73f3419ab9dc71bec393cb29380d2') in 0.025727 seconds
Number of updated asset objects reloaded before import = 0
Number of asset objects unloaded after import = 82
========================================================================
Received Import Request.
  Time since last request: 5.109910 seconds.
  path: Assets/AR Scene.prefab
  artifactKey: Guid(5f8ad4b33c017eb44a32e41dfddbe1a4) Importer(815301076,1909f56bfc062723c751e8b465ee728b)
Start importing Assets/AR Scene.prefab using Guid(5f8ad4b33c017eb44a32e41dfddbe1a4) Importer(815301076,1909f56bfc062723c751e8b465ee728b)  -> (artifact id: 'c6c7046ea0794bbd919af3b6ec4639a2') in 0.025907 seconds
Number of updated asset objects reloaded before import = 0
Number of asset objects unloaded after import = 83
========================================================================
Received Import Request.
  Time since last request: 5.677789 seconds.
  path: Assets/AR Scene.prefab
  artifactKey: Guid(5f8ad4b33c017eb44a32e41dfddbe1a4) Importer(815301076,1909f56bfc062723c751e8b465ee728b)
Start importing Assets/AR Scene.prefab using Guid(5f8ad4b33c017eb44a32e41dfddbe1a4) Importer(815301076,1909f56bfc062723c751e8b465ee728b)  -> (artifact id: 'e7dc4603b354502ccefe37555a9276ca') in 0.024418 seconds
Number of updated asset objects reloaded before import = 0
Number of asset objects unloaded after import = 83
========================================================================
Received Prepare
Begin MonoManager ReloadAssembly
- Loaded All Assemblies, in  0.414 seconds
Refreshing native plugins compatible for Editor in 3.82 ms, found 4 plugins.
Native extension for WindowsStandalone target not found
Native extension for iOS target not found
Native extension for Android target not found
[Package Manager] Server::EnsureServerProcessIsRunning -- launch failed, reason: Unity was launched with the -noUpm command-line argument
[Package Manager] UpmClient::Send -- Unable to send message (not connected to UPM process).
[Package Manager] Cannot connect to Unity Package Manager local server
[Package Manager] Server::EnsureServerProcessIsRunning -- launch failed, reason: Unity was launched with the -noUpm command-line argument
[Package Manager] UpmClient::Send -- Unable to send message (not connected to UPM process).
[Package Manager] Cannot connect to Unity Package Manager local server
Mono: successfully reloaded assembly
[Package Manager] Server::EnsureServerProcessIsRunning -- launch failed, reason: Unity was launched with the -noUpm command-line argument
[Package Manager] UpmClient::Send -- Unable to send message (not connected to UPM process).
[Package Manager] Cannot connect to Unity Package Manager local server
- Finished resetting the current domain, in  0.901 seconds
Domain Reload Profiling: 1312ms
	BeginReloadAssembly (137ms)
		ExecutionOrderSort (0ms)
		DisableScriptedObjects (3ms)
		BackupInstance (0ms)
		ReleaseScriptingObjects (0ms)
		CreateAndSetChildDomain (34ms)
	RebuildCommonClasses (27ms)
	RebuildNativeTypeToScriptingClass (14ms)
	initialDomainReloadingComplete (28ms)
	LoadAllAssembliesAndSetupDomain (204ms)
		LoadAssemblies (259ms)
		RebuildTransferFunctionScriptingTraits (0ms)
		AnalyzeDomain (15ms)
			TypeCache.Refresh (6ms)
				TypeCache.ScanAssembly (0ms)
			ScanForSourceGeneratedMonoScriptInfo (0ms)
			ResolveRequiredComponents (7ms)
	FinalizeReload (902ms)
		ReleaseScriptCaches (0ms)
		RebuildScriptCaches (0ms)
		SetupLoadedEditorAssemblies (432ms)
			LogAssemblyErrors (0ms)
			InitializePlatformSupportModulesInManaged (27ms)
			SetLoadedEditorAssemblies (3ms)
			RefreshPlugins (0ms)
			BeforeProcessingInitializeOnLoad (59ms)
			ProcessInitializeOnLoadAttributes (301ms)
			ProcessInitializeOnLoadMethodAttributes (36ms)
			AfterProcessingInitializeOnLoad (5ms)
			EditorAssembliesLoaded (0ms)
		ExecutionOrderSort2 (0ms)
		AwakeInstancesAfterBackupRestoration (10ms)
Refreshing native plugins compatible for Editor in 4.93 ms, found 4 plugins.
Preloading 0 native plugins for Editor in 0.00 ms.
Unloading 4355 Unused Serialized files (Serialized files now loaded: 0)
Unloading 37 unused Assets / (1.2 MB). Loaded Objects now: 4915.
Memory consumption went from 168.2 MB to 167.0 MB.
Total: 4.014300 ms (FindLiveObjects: 0.243600 ms CreateObjectMapping: 0.113100 ms MarkObjects: 3.108700 ms  DeleteObjects: 0.547500 ms)

Prepare: number of updated asset objects reloaded= 0
AssetImportParameters requested are different than current active one (requested -> active):
  custom:container-demuxer-ogg: 62fdf1f143b41e24485cea50d1cbac27 -> 
  custom:video-codec-MediaFoundation-h265: 746d11721c4dcdbdad8f713fa42b33f4 -> 
  custom:video-decoder-ogg-theora: a1e56fd34408186e4bbccfd4996cb3dc -> 
  custom:framework-win-MediaFoundation: 216162199b28c13a410421893ffa2e32 -> 
  custom:CustomObjectIndexerAttribute: 9a22284fe3817be447336de3de66b15e -> 
  custom:container-demuxer-webm: 4f35f7cbe854078d1ac9338744f61a02 -> 
  custom:container-muxer-webm: aa71ff27fc2769a1b78a27578f13a17b -> 
  custom:video-decoder-webm-vp8: 9c59270c3fd7afecdb556c50c9e8de78 -> 
  custom:SearchIndexIgnoredProperties: e643bd26f0fe6173181afceb89e7c659 -> 
  custom:AudioImporter_EditorPlatform: d09bf68614088b80899f8185d706f6e7 -> 
  custom:video-encoder-webm-vp8: eb34c28f22e8b96e1ab97ce403110664 -> 
  custom:audio-decoder-ogg-vorbis: bf7c407c2cedff20999df2af8eb42d56 -> 
  custom:audio-encoder-webm-vorbis: bf7c407c2cedff20999df2af8eb42d56 -> 
========================================================================
Received Import Request.
  Time since last request: 51.079180 seconds.
  path: Assets/AR Scene.prefab
  artifactKey: Guid(5f8ad4b33c017eb44a32e41dfddbe1a4) Importer(815301076,1909f56bfc062723c751e8b465ee728b)
Start importing Assets/AR Scene.prefab using Guid(5f8ad4b33c017eb44a32e41dfddbe1a4) Importer(815301076,1909f56bfc062723c751e8b465ee728b)  -> (artifact id: '1e203701dfbdf4da5ad5bf000c459630') in 0.127852 seconds
Number of updated asset objects reloaded before import = 0
Number of asset objects unloaded after import = 83
========================================================================
Received Prepare
Begin MonoManager ReloadAssembly
- Loaded All Assemblies, in  3.730 seconds
Refreshing native plugins compatible for Editor in 3.80 ms, found 4 plugins.
Native extension for WindowsStandalone target not found
Native extension for iOS target not found
Native extension for Android target not found
[Package Manager] Server::EnsureServerProcessIsRunning -- launch failed, reason: Unity was launched with the -noUpm command-line argument
[Package Manager] UpmClient::Send -- Unable to send message (not connected to UPM process).
[Package Manager] Cannot connect to Unity Package Manager local server
[Package Manager] Server::EnsureServerProcessIsRunning -- launch failed, reason: Unity was launched with the -noUpm command-line argument
[Package Manager] UpmClient::Send -- Unable to send message (not connected to UPM process).
[Package Manager] Cannot connect to Unity Package Manager local server
Mono: successfully reloaded assembly
[Package Manager] Server::EnsureServerProcessIsRunning -- launch failed, reason: Unity was launched with the -noUpm command-line argument
[Package Manager] UpmClient::Send -- Unable to send message (not connected to UPM process).
[Package Manager] Cannot connect to Unity Package Manager local server
- Finished resetting the current domain, in  9.961 seconds
Domain Reload Profiling: 13687ms
	BeginReloadAssembly (130ms)
		ExecutionOrderSort (0ms)
		DisableScriptedObjects (3ms)
		BackupInstance (0ms)
		ReleaseScriptingObjects (0ms)
		CreateAndSetChildDomain (31ms)
	RebuildCommonClasses (25ms)
	RebuildNativeTypeToScriptingClass (9ms)
	initialDomainReloadingComplete (23ms)
	LoadAllAssembliesAndSetupDomain (3540ms)
		LoadAssemblies (3592ms)
		RebuildTransferFunctionScriptingTraits (0ms)
		AnalyzeDomain (14ms)
			TypeCache.Refresh (5ms)
				TypeCache.ScanAssembly (0ms)
			ScanForSourceGeneratedMonoScriptInfo (0ms)
			ResolveRequiredComponents (7ms)
	FinalizeReload (9961ms)
		ReleaseScriptCaches (0ms)
		RebuildScriptCaches (0ms)
		SetupLoadedEditorAssemblies (396ms)
			LogAssemblyErrors (0ms)
			InitializePlatformSupportModulesInManaged (29ms)
			SetLoadedEditorAssemblies (3ms)
			RefreshPlugins (0ms)
			BeforeProcessingInitializeOnLoad (59ms)
			ProcessInitializeOnLoadAttributes (270ms)
			ProcessInitializeOnLoadMethodAttributes (30ms)
			AfterProcessingInitializeOnLoad (5ms)
			EditorAssembliesLoaded (0ms)
		ExecutionOrderSort2 (0ms)
		AwakeInstancesAfterBackupRestoration (8ms)
Refreshing native plugins compatible for Editor in 4.19 ms, found 4 plugins.
Preloading 0 native plugins for Editor in 0.00 ms.
Unloading 4355 Unused Serialized files (Serialized files now loaded: 0)
Unloading 37 unused Assets / (1.2 MB). Loaded Objects now: 4919.
Memory consumption went from 170.1 MB to 168.9 MB.
Total: 3.042000 ms (FindLiveObjects: 0.232200 ms CreateObjectMapping: 0.109700 ms MarkObjects: 2.224800 ms  DeleteObjects: 0.474300 ms)

Prepare: number of updated asset objects reloaded= 0
AssetImportParameters requested are different than current active one (requested -> active):
  custom:container-demuxer-ogg: 62fdf1f143b41e24485cea50d1cbac27 -> 
  custom:video-codec-MediaFoundation-h265: 746d11721c4dcdbdad8f713fa42b33f4 -> 
  custom:video-decoder-ogg-theora: a1e56fd34408186e4bbccfd4996cb3dc -> 
  custom:framework-win-MediaFoundation: 216162199b28c13a410421893ffa2e32 -> 
  custom:CustomObjectIndexerAttribute: 9a22284fe3817be447336de3de66b15e -> 
  custom:container-demuxer-webm: 4f35f7cbe854078d1ac9338744f61a02 -> 
  custom:container-muxer-webm: aa71ff27fc2769a1b78a27578f13a17b -> 
  custom:video-decoder-webm-vp8: 9c59270c3fd7afecdb556c50c9e8de78 -> 
  custom:SearchIndexIgnoredProperties: e643bd26f0fe6173181afceb89e7c659 -> 
  custom:AudioImporter_EditorPlatform: d09bf68614088b80899f8185d706f6e7 -> 
  custom:video-encoder-webm-vp8: eb34c28f22e8b96e1ab97ce403110664 -> 
  custom:audio-decoder-ogg-vorbis: bf7c407c2cedff20999df2af8eb42d56 -> 
  custom:audio-encoder-webm-vorbis: bf7c407c2cedff20999df2af8eb42d56 -> 
========================================================================
Received Prepare
Begin MonoManager ReloadAssembly
- Loaded All Assemblies, in  0.380 seconds
Refreshing native plugins compatible for Editor in 3.65 ms, found 4 plugins.
Native extension for WindowsStandalone target not found
Native extension for iOS target not found
Native extension for Android target not found
[Package Manager] Server::EnsureServerProcessIsRunning -- launch failed, reason: Unity was launched with the -noUpm command-line argument
[Package Manager] UpmClient::Send -- Unable to send message (not connected to UPM process).
[Package Manager] Cannot connect to Unity Package Manager local server
[Package Manager] Server::EnsureServerProcessIsRunning -- launch failed, reason: Unity was launched with the -noUpm command-line argument
[Package Manager] UpmClient::Send -- Unable to send message (not connected to UPM process).
[Package Manager] Cannot connect to Unity Package Manager local server
Mono: successfully reloaded assembly
[Package Manager] Server::EnsureServerProcessIsRunning -- launch failed, reason: Unity was launched with the -noUpm command-line argument
[Package Manager] UpmClient::Send -- Unable to send message (not connected to UPM process).
[Package Manager] Cannot connect to Unity Package Manager local server
- Finished resetting the current domain, in  0.768 seconds
Domain Reload Profiling: 1145ms
	BeginReloadAssembly (128ms)
		ExecutionOrderSort (0ms)
		DisableScriptedObjects (4ms)
		BackupInstance (0ms)
		ReleaseScriptingObjects (0ms)
		CreateAndSetChildDomain (30ms)
	RebuildCommonClasses (24ms)
	RebuildNativeTypeToScriptingClass (9ms)
	initialDomainReloadingComplete (23ms)
	LoadAllAssembliesAndSetupDomain (192ms)
		LoadAssemblies (243ms)
		RebuildTransferFunctionScriptingTraits (0ms)
		AnalyzeDomain (13ms)
			TypeCache.Refresh (6ms)
				TypeCache.ScanAssembly (0ms)
			ScanForSourceGeneratedMonoScriptInfo (0ms)
			ResolveRequiredComponents (6ms)
	FinalizeReload (768ms)
		ReleaseScriptCaches (0ms)
		RebuildScriptCaches (0ms)
		SetupLoadedEditorAssemblies (382ms)
			LogAssemblyErrors (0ms)
			InitializePlatformSupportModulesInManaged (27ms)
			SetLoadedEditorAssemblies (3ms)
			RefreshPlugins (0ms)
			BeforeProcessingInitializeOnLoad (60ms)
			ProcessInitializeOnLoadAttributes (257ms)
			ProcessInitializeOnLoadMethodAttributes (30ms)
			AfterProcessingInitializeOnLoad (5ms)
			EditorAssembliesLoaded (0ms)
		ExecutionOrderSort2 (0ms)
		AwakeInstancesAfterBackupRestoration (9ms)
Refreshing native plugins compatible for Editor in 4.17 ms, found 4 plugins.
Preloading 0 native plugins for Editor in 0.00 ms.
Unloading 4356 Unused Serialized files (Serialized files now loaded: 0)
Unloading 37 unused Assets / (1.1 MB). Loaded Objects now: 4923.
Memory consumption went from 172.2 MB to 171.1 MB.
Total: 3.130700 ms (FindLiveObjects: 0.215700 ms CreateObjectMapping: 0.095200 ms MarkObjects: 2.301800 ms  DeleteObjects: 0.516800 ms)

Prepare: number of updated asset objects reloaded= 0
AssetImportParameters requested are different than current active one (requested -> active):
  custom:container-demuxer-ogg: 62fdf1f143b41e24485cea50d1cbac27 -> 
  custom:video-codec-MediaFoundation-h265: 746d11721c4dcdbdad8f713fa42b33f4 -> 
  custom:video-decoder-ogg-theora: a1e56fd34408186e4bbccfd4996cb3dc -> 
  custom:framework-win-MediaFoundation: 216162199b28c13a410421893ffa2e32 -> 
  custom:CustomObjectIndexerAttribute: 9a22284fe3817be447336de3de66b15e -> 
  custom:container-demuxer-webm: 4f35f7cbe854078d1ac9338744f61a02 -> 
  custom:container-muxer-webm: aa71ff27fc2769a1b78a27578f13a17b -> 
  custom:video-decoder-webm-vp8: 9c59270c3fd7afecdb556c50c9e8de78 -> 
  custom:SearchIndexIgnoredProperties: e643bd26f0fe6173181afceb89e7c659 -> 
  custom:AudioImporter_EditorPlatform: d09bf68614088b80899f8185d706f6e7 -> 
  custom:video-encoder-webm-vp8: eb34c28f22e8b96e1ab97ce403110664 -> 
  custom:audio-decoder-ogg-vorbis: bf7c407c2cedff20999df2af8eb42d56 -> 
  custom:audio-encoder-webm-vorbis: bf7c407c2cedff20999df2af8eb42d56 -> 
========================================================================
Received Import Request.
  Time since last request: 1229.052666 seconds.
  path: Assets/Spring_Mass_an.fbx
  artifactKey: Guid(32359b490bd69e846b8eeb3139e0629c) Importer(815301076,1909f56bfc062723c751e8b465ee728b)
Start importing Assets/Spring_Mass_an.fbx using Guid(32359b490bd69e846b8eeb3139e0629c) Importer(815301076,1909f56bfc062723c751e8b465ee728b)  -> (artifact id: 'eab59a94124ffcf98ddf78d950a9a781') in 0.126924 seconds
Number of updated asset objects reloaded before import = 0
Number of asset objects unloaded after import = 52
========================================================================
Received Import Request.
  Time since last request: 3.371274 seconds.
  path: Assets/AR Scene.prefab
  artifactKey: Guid(5f8ad4b33c017eb44a32e41dfddbe1a4) Importer(815301076,1909f56bfc062723c751e8b465ee728b)
Start importing Assets/AR Scene.prefab using Guid(5f8ad4b33c017eb44a32e41dfddbe1a4) Importer(815301076,1909f56bfc062723c751e8b465ee728b)  -> (artifact id: 'dff06bda60db231613a2d64a7fb3a485') in 0.039991 seconds
Number of updated asset objects reloaded before import = 0
Number of asset objects unloaded after import = 85
========================================================================
Received Import Request.
  Time since last request: 8.223995 seconds.
  path: Assets/AR Scene.prefab
  artifactKey: Guid(5f8ad4b33c017eb44a32e41dfddbe1a4) Importer(815301076,1909f56bfc062723c751e8b465ee728b)
Start importing Assets/AR Scene.prefab using Guid(5f8ad4b33c017eb44a32e41dfddbe1a4) Importer(815301076,1909f56bfc062723c751e8b465ee728b)  -> (artifact id: '0a4b6bb207bb7c15788566f05814995c') in 0.044461 seconds
Number of updated asset objects reloaded before import = 0
Number of asset objects unloaded after import = 85
========================================================================
Received Import Request.
  Time since last request: 2.382301 seconds.
  path: Assets/AR Scene.prefab
  artifactKey: Guid(5f8ad4b33c017eb44a32e41dfddbe1a4) Importer(815301076,1909f56bfc062723c751e8b465ee728b)
Start importing Assets/AR Scene.prefab using Guid(5f8ad4b33c017eb44a32e41dfddbe1a4) Importer(815301076,1909f56bfc062723c751e8b465ee728b)  -> (artifact id: '8f3c3920dfc024c81d69200f075d1b25') in 0.038014 seconds
Number of updated asset objects reloaded before import = 0
Number of asset objects unloaded after import = 85
========================================================================
Received Prepare
Begin MonoManager ReloadAssembly
- Loaded All Assemblies, in  0.392 seconds
Refreshing native plugins compatible for Editor in 4.31 ms, found 4 plugins.
Native extension for WindowsStandalone target not found
Native extension for iOS target not found
Native extension for Android target not found
[Package Manager] Server::EnsureServerProcessIsRunning -- launch failed, reason: Unity was launched with the -noUpm command-line argument
[Package Manager] UpmClient::Send -- Unable to send message (not connected to UPM process).
[Package Manager] Cannot connect to Unity Package Manager local server
[Package Manager] Server::EnsureServerProcessIsRunning -- launch failed, reason: Unity was launched with the -noUpm command-line argument
[Package Manager] UpmClient::Send -- Unable to send message (not connected to UPM process).
[Package Manager] Cannot connect to Unity Package Manager local server
Mono: successfully reloaded assembly
[Package Manager] Server::EnsureServerProcessIsRunning -- launch failed, reason: Unity was launched with the -noUpm command-line argument
[Package Manager] UpmClient::Send -- Unable to send message (not connected to UPM process).
[Package Manager] Cannot connect to Unity Package Manager local server
- Finished resetting the current domain, in  0.878 seconds
Domain Reload Profiling: 1267ms
	BeginReloadAssembly (132ms)
		ExecutionOrderSort (0ms)
		DisableScriptedObjects (3ms)
		BackupInstance (0ms)
		ReleaseScriptingObjects (0ms)
		CreateAndSetChildDomain (29ms)
	RebuildCommonClasses (24ms)
	RebuildNativeTypeToScriptingClass (8ms)
	initialDomainReloadingComplete (27ms)
	LoadAllAssembliesAndSetupDomain (197ms)
		LoadAssemblies (253ms)
		RebuildTransferFunctionScriptingTraits (0ms)
		AnalyzeDomain (14ms)
			TypeCache.Refresh (6ms)
				TypeCache.ScanAssembly (0ms)
			ScanForSourceGeneratedMonoScriptInfo (0ms)
			ResolveRequiredComponents (6ms)
	FinalizeReload (878ms)
		ReleaseScriptCaches (0ms)
		RebuildScriptCaches (0ms)
		SetupLoadedEditorAssemblies (433ms)
			LogAssemblyErrors (0ms)
			InitializePlatformSupportModulesInManaged (28ms)
			SetLoadedEditorAssemblies (4ms)
			RefreshPlugins (0ms)
			BeforeProcessingInitializeOnLoad (58ms)
			ProcessInitializeOnLoadAttributes (301ms)
			ProcessInitializeOnLoadMethodAttributes (37ms)
			AfterProcessingInitializeOnLoad (5ms)
			EditorAssembliesLoaded (0ms)
		ExecutionOrderSort2 (0ms)
		AwakeInstancesAfterBackupRestoration (8ms)
Refreshing native plugins compatible for Editor in 4.31 ms, found 4 plugins.
Preloading 0 native plugins for Editor in 0.00 ms.
Unloading 4355 Unused Serialized files (Serialized files now loaded: 0)
Unloading 37 unused Assets / (1.2 MB). Loaded Objects now: 4927.
Memory consumption went from 174.0 MB to 172.7 MB.
Total: 3.504500 ms (FindLiveObjects: 0.201400 ms CreateObjectMapping: 0.079500 ms MarkObjects: 2.484600 ms  DeleteObjects: 0.727900 ms)

Prepare: number of updated asset objects reloaded= 0
AssetImportParameters requested are different than current active one (requested -> active):
  custom:container-demuxer-ogg: 62fdf1f143b41e24485cea50d1cbac27 -> 
  custom:video-codec-MediaFoundation-h265: 746d11721c4dcdbdad8f713fa42b33f4 -> 
  custom:video-decoder-ogg-theora: a1e56fd34408186e4bbccfd4996cb3dc -> 
  custom:framework-win-MediaFoundation: 216162199b28c13a410421893ffa2e32 -> 
  custom:CustomObjectIndexerAttribute: 9a22284fe3817be447336de3de66b15e -> 
  custom:container-demuxer-webm: 4f35f7cbe854078d1ac9338744f61a02 -> 
  custom:container-muxer-webm: aa71ff27fc2769a1b78a27578f13a17b -> 
  custom:video-decoder-webm-vp8: 9c59270c3fd7afecdb556c50c9e8de78 -> 
  custom:SearchIndexIgnoredProperties: e643bd26f0fe6173181afceb89e7c659 -> 
  custom:AudioImporter_EditorPlatform: d09bf68614088b80899f8185d706f6e7 -> 
  custom:video-encoder-webm-vp8: eb34c28f22e8b96e1ab97ce403110664 -> 
  custom:audio-decoder-ogg-vorbis: bf7c407c2cedff20999df2af8eb42d56 -> 
  custom:audio-encoder-webm-vorbis: bf7c407c2cedff20999df2af8eb42d56 -> 
========================================================================
Received Import Request.
  Time since last request: 31.362207 seconds.
  path: Assets/AR Scene.prefab
  artifactKey: Guid(5f8ad4b33c017eb44a32e41dfddbe1a4) Importer(815301076,1909f56bfc062723c751e8b465ee728b)
Start importing Assets/AR Scene.prefab using Guid(5f8ad4b33c017eb44a32e41dfddbe1a4) Importer(815301076,1909f56bfc062723c751e8b465ee728b)  -> (artifact id: '6f0dd7dae389a08a99bd40b841783ecf') in 0.084914 seconds
Number of updated asset objects reloaded before import = 0
Number of asset objects unloaded after import = 82
========================================================================
Received Prepare
Begin MonoManager ReloadAssembly
- Loaded All Assemblies, in  0.372 seconds
Refreshing native plugins compatible for Editor in 4.34 ms, found 4 plugins.
Native extension for WindowsStandalone target not found
Native extension for iOS target not found
Native extension for Android target not found
[Package Manager] Server::EnsureServerProcessIsRunning -- launch failed, reason: Unity was launched with the -noUpm command-line argument
[Package Manager] UpmClient::Send -- Unable to send message (not connected to UPM process).
[Package Manager] Cannot connect to Unity Package Manager local server
[Package Manager] Server::EnsureServerProcessIsRunning -- launch failed, reason: Unity was launched with the -noUpm command-line argument
[Package Manager] UpmClient::Send -- Unable to send message (not connected to UPM process).
[Package Manager] Cannot connect to Unity Package Manager local server
Mono: successfully reloaded assembly
[Package Manager] Server::EnsureServerProcessIsRunning -- launch failed, reason: Unity was launched with the -noUpm command-line argument
[Package Manager] UpmClient::Send -- Unable to send message (not connected to UPM process).
[Package Manager] Cannot connect to Unity Package Manager local server
- Finished resetting the current domain, in  0.842 seconds
Domain Reload Profiling: 1211ms
	BeginReloadAssembly (124ms)
		ExecutionOrderSort (0ms)
		DisableScriptedObjects (3ms)
		BackupInstance (0ms)
		ReleaseScriptingObjects (0ms)
		CreateAndSetChildDomain (30ms)
	RebuildCommonClasses (23ms)
	RebuildNativeTypeToScriptingClass (8ms)
	initialDomainReloadingComplete (22ms)
	LoadAllAssembliesAndSetupDomain (190ms)
		LoadAssemblies (238ms)
		RebuildTransferFunctionScriptingTraits (0ms)
		AnalyzeDomain (14ms)
			TypeCache.Refresh (6ms)
				TypeCache.ScanAssembly (0ms)
			ScanForSourceGeneratedMonoScriptInfo (0ms)
			ResolveRequiredComponents (6ms)
	FinalizeReload (843ms)
		ReleaseScriptCaches (0ms)
		RebuildScriptCaches (0ms)
		SetupLoadedEditorAssemblies (459ms)
			LogAssemblyErrors (0ms)
			InitializePlatformSupportModulesInManaged (30ms)
			SetLoadedEditorAssemblies (4ms)
			RefreshPlugins (0ms)
			BeforeProcessingInitializeOnLoad (70ms)
			ProcessInitializeOnLoadAttributes (313ms)
			ProcessInitializeOnLoadMethodAttributes (37ms)
			AfterProcessingInitializeOnLoad (6ms)
			EditorAssembliesLoaded (0ms)
		ExecutionOrderSort2 (0ms)
		AwakeInstancesAfterBackupRestoration (10ms)
Refreshing native plugins compatible for Editor in 4.58 ms, found 4 plugins.
Preloading 0 native plugins for Editor in 0.00 ms.
Unloading 4355 Unused Serialized files (Serialized files now loaded: 0)
Unloading 37 unused Assets / (1.1 MB). Loaded Objects now: 4931.
Memory consumption went from 175.8 MB to 174.7 MB.
Total: 3.345200 ms (FindLiveObjects: 0.223100 ms CreateObjectMapping: 0.224100 ms MarkObjects: 2.414300 ms  DeleteObjects: 0.482600 ms)

Prepare: number of updated asset objects reloaded= 0
AssetImportParameters requested are different than current active one (requested -> active):
  custom:container-demuxer-ogg: 62fdf1f143b41e24485cea50d1cbac27 -> 
  custom:video-codec-MediaFoundation-h265: 746d11721c4dcdbdad8f713fa42b33f4 -> 
  custom:video-decoder-ogg-theora: a1e56fd34408186e4bbccfd4996cb3dc -> 
  custom:framework-win-MediaFoundation: 216162199b28c13a410421893ffa2e32 -> 
  custom:CustomObjectIndexerAttribute: 9a22284fe3817be447336de3de66b15e -> 
  custom:container-demuxer-webm: 4f35f7cbe854078d1ac9338744f61a02 -> 
  custom:container-muxer-webm: aa71ff27fc2769a1b78a27578f13a17b -> 
  custom:video-decoder-webm-vp8: 9c59270c3fd7afecdb556c50c9e8de78 -> 
  custom:SearchIndexIgnoredProperties: e643bd26f0fe6173181afceb89e7c659 -> 
  custom:AudioImporter_EditorPlatform: d09bf68614088b80899f8185d706f6e7 -> 
  custom:video-encoder-webm-vp8: eb34c28f22e8b96e1ab97ce403110664 -> 
  custom:audio-decoder-ogg-vorbis: bf7c407c2cedff20999df2af8eb42d56 -> 
  custom:audio-encoder-webm-vorbis: bf7c407c2cedff20999df2af8eb42d56 -> 
========================================================================
Received Import Request.
  Time since last request: 24.552236 seconds.
  path: Assets/AR Scene.prefab
  artifactKey: Guid(5f8ad4b33c017eb44a32e41dfddbe1a4) Importer(815301076,1909f56bfc062723c751e8b465ee728b)
Start importing Assets/AR Scene.prefab using Guid(5f8ad4b33c017eb44a32e41dfddbe1a4) Importer(815301076,1909f56bfc062723c751e8b465ee728b)  -> (artifact id: '57cd72e2c71ebfd07822e83586e3489d') in 0.091562 seconds
Number of updated asset objects reloaded before import = 0
Number of asset objects unloaded after import = 79
========================================================================
Received Import Request.
  Time since last request: 4.548753 seconds.
  path: Assets/AR Scene.prefab
  artifactKey: Guid(5f8ad4b33c017eb44a32e41dfddbe1a4) Importer(815301076,1909f56bfc062723c751e8b465ee728b)
Start importing Assets/AR Scene.prefab using Guid(5f8ad4b33c017eb44a32e41dfddbe1a4) Importer(815301076,1909f56bfc062723c751e8b465ee728b)  -> (artifact id: '1fc17d450217e62f027170a965376b1b') in 0.038254 seconds
Number of updated asset objects reloaded before import = 0
Number of asset objects unloaded after import = 79
========================================================================
Received Import Request.
  Time since last request: 6.025141 seconds.
  path: Assets/AR Scene.prefab
  artifactKey: Guid(5f8ad4b33c017eb44a32e41dfddbe1a4) Importer(815301076,1909f56bfc062723c751e8b465ee728b)
Start importing Assets/AR Scene.prefab using Guid(5f8ad4b33c017eb44a32e41dfddbe1a4) Importer(815301076,1909f56bfc062723c751e8b465ee728b)  -> (artifact id: 'c16b75844d6c19cac7fa9d513640ef37') in 0.034177 seconds
Number of updated asset objects reloaded before import = 0
Number of asset objects unloaded after import = 79
========================================================================
Received Import Request.
  Time since last request: 4.007932 seconds.
  path: Assets/AR Scene.prefab
  artifactKey: Guid(5f8ad4b33c017eb44a32e41dfddbe1a4) Importer(815301076,1909f56bfc062723c751e8b465ee728b)
Start importing Assets/AR Scene.prefab using Guid(5f8ad4b33c017eb44a32e41dfddbe1a4) Importer(815301076,1909f56bfc062723c751e8b465ee728b)  -> (artifact id: 'b975fc51b0a60947320abaf26102069b') in 0.035817 seconds
Number of updated asset objects reloaded before import = 0
Number of asset objects unloaded after import = 79
========================================================================
Received Import Request.
  Time since last request: 2.408752 seconds.
  path: Assets/AR Scene.prefab
  artifactKey: Guid(5f8ad4b33c017eb44a32e41dfddbe1a4) Importer(815301076,1909f56bfc062723c751e8b465ee728b)
Start importing Assets/AR Scene.prefab using Guid(5f8ad4b33c017eb44a32e41dfddbe1a4) Importer(815301076,1909f56bfc062723c751e8b465ee728b)  -> (artifact id: '7bfbf43f97ddcad19bea7ebf95556292') in 0.036655 seconds
Number of updated asset objects reloaded before import = 0
Number of asset objects unloaded after import = 79
========================================================================
Received Import Request.
  Time since last request: 5.204983 seconds.
  path: Assets/AR Scene.prefab
  artifactKey: Guid(5f8ad4b33c017eb44a32e41dfddbe1a4) Importer(815301076,1909f56bfc062723c751e8b465ee728b)
Start importing Assets/AR Scene.prefab using Guid(5f8ad4b33c017eb44a32e41dfddbe1a4) Importer(815301076,1909f56bfc062723c751e8b465ee728b)  -> (artifact id: '2a72322155b735f1d6802e0be8b752e3') in 0.041395 seconds
Number of updated asset objects reloaded before import = 0
Number of asset objects unloaded after import = 79
========================================================================
Received Import Request.
  Time since last request: 28.569777 seconds.
  path: Assets/AR Scene.prefab
  artifactKey: Guid(5f8ad4b33c017eb44a32e41dfddbe1a4) Importer(815301076,1909f56bfc062723c751e8b465ee728b)
Start importing Assets/AR Scene.prefab using Guid(5f8ad4b33c017eb44a32e41dfddbe1a4) Importer(815301076,1909f56bfc062723c751e8b465ee728b)  -> (artifact id: '8281ca0d172a566e0b52c93ee8359b6f') in 0.028582 seconds
Number of updated asset objects reloaded before import = 0
Number of asset objects unloaded after import = 83
========================================================================
Received Import Request.
  Time since last request: 1.590733 seconds.
  path: Assets/AR Scene.prefab
  artifactKey: Guid(5f8ad4b33c017eb44a32e41dfddbe1a4) Importer(815301076,1909f56bfc062723c751e8b465ee728b)
Start importing Assets/AR Scene.prefab using Guid(5f8ad4b33c017eb44a32e41dfddbe1a4) Importer(815301076,1909f56bfc062723c751e8b465ee728b)  -> (artifact id: 'ff292653870ae28fd2655a9f68298f56') in 0.026872 seconds
Number of updated asset objects reloaded before import = 0
Number of asset objects unloaded after import = 83
========================================================================
Received Import Request.
  Time since last request: 8.407416 seconds.
  path: Assets/AR Scene.prefab
  artifactKey: Guid(5f8ad4b33c017eb44a32e41dfddbe1a4) Importer(815301076,1909f56bfc062723c751e8b465ee728b)
Start importing Assets/AR Scene.prefab using Guid(5f8ad4b33c017eb44a32e41dfddbe1a4) Importer(815301076,1909f56bfc062723c751e8b465ee728b)  -> (artifact id: 'd3f62564cb4f3bc4cf617df483afe9e4') in 0.029238 seconds
Number of updated asset objects reloaded before import = 0
Number of asset objects unloaded after import = 83
========================================================================
Received Import Request.
  Time since last request: 9.970109 seconds.
  path: Assets/Spring_Mass.prefab
  artifactKey: Guid(0586537c6042f0e449f6ab57eb9578ac) Importer(815301076,1909f56bfc062723c751e8b465ee728b)
Start importing Assets/Spring_Mass.prefab using Guid(0586537c6042f0e449f6ab57eb9578ac) Importer(815301076,1909f56bfc062723c751e8b465ee728b)  -> (artifact id: '3a147a24d6c4df3a04c6ffa350a0f1e2') in 0.023764 seconds
Number of updated asset objects reloaded before import = 0
Number of asset objects unloaded after import = 43
========================================================================
Received Import Request.
  Time since last request: 0.124761 seconds.
  path: Assets/AR Scene.prefab
  artifactKey: Guid(5f8ad4b33c017eb44a32e41dfddbe1a4) Importer(815301076,1909f56bfc062723c751e8b465ee728b)
Start importing Assets/AR Scene.prefab using Guid(5f8ad4b33c017eb44a32e41dfddbe1a4) Importer(815301076,1909f56bfc062723c751e8b465ee728b)  -> (artifact id: '2e50ec33ea640aa24df9c37056b999f9') in 0.054236 seconds
Number of updated asset objects reloaded before import = 0
Number of asset objects unloaded after import = 101
========================================================================
Received Import Request.
  Time since last request: 6.605524 seconds.
  path: Assets/AR Scene.prefab
  artifactKey: Guid(5f8ad4b33c017eb44a32e41dfddbe1a4) Importer(815301076,1909f56bfc062723c751e8b465ee728b)
Start importing Assets/AR Scene.prefab using Guid(5f8ad4b33c017eb44a32e41dfddbe1a4) Importer(815301076,1909f56bfc062723c751e8b465ee728b)  -> (artifact id: 'b1f0227696ec1f1e91ff798305c6418b') in 0.037208 seconds
Number of updated asset objects reloaded before import = 0
Number of asset objects unloaded after import = 43
========================================================================
Received Import Request.
  Time since last request: 4.367071 seconds.
  path: Assets/Spring_Mass.prefab
  artifactKey: Guid(0586537c6042f0e449f6ab57eb9578ac) Importer(815301076,1909f56bfc062723c751e8b465ee728b)
Start importing Assets/Spring_Mass.prefab using Guid(0586537c6042f0e449f6ab57eb9578ac) Importer(815301076,1909f56bfc062723c751e8b465ee728b)  -> (artifact id: 'cc37df288d4afc02eee651f9a9ca31b6') in 0.000983 seconds
Number of updated asset objects reloaded before import = 0
Number of asset objects unloaded after import = 1
========================================================================
Received Import Request.
  Time since last request: 9.347699 seconds.
  path: Assets/Spring_Mass.fbx
  artifactKey: Guid(80fbe3ce99a7ca3429fa1fd3121c7b52) Importer(815301076,1909f56bfc062723c751e8b465ee728b)
Start importing Assets/Spring_Mass.fbx using Guid(80fbe3ce99a7ca3429fa1fd3121c7b52) Importer(815301076,1909f56bfc062723c751e8b465ee728b)  -> (artifact id: '103b5cc66829ee1d4689454ec5c83592') in 0.061886 seconds
Number of updated asset objects reloaded before import = 0
Number of asset objects unloaded after import = 24
========================================================================
Received Import Request.
  Time since last request: 9.793270 seconds.
  path: Assets/AR Scene.prefab
  artifactKey: Guid(5f8ad4b33c017eb44a32e41dfddbe1a4) Importer(815301076,1909f56bfc062723c751e8b465ee728b)
Start importing Assets/AR Scene.prefab using Guid(5f8ad4b33c017eb44a32e41dfddbe1a4) Importer(815301076,1909f56bfc062723c751e8b465ee728b)  -> (artifact id: 'e42d435a8a6360e88df0426a1a432ddf') in 0.048976 seconds
Number of updated asset objects reloaded before import = 0
Number of asset objects unloaded after import = 83
========================================================================
Received Import Request.
  Time since last request: 6.484822 seconds.
  path: Assets/AR Scene.prefab
  artifactKey: Guid(5f8ad4b33c017eb44a32e41dfddbe1a4) Importer(815301076,1909f56bfc062723c751e8b465ee728b)
Start importing Assets/AR Scene.prefab using Guid(5f8ad4b33c017eb44a32e41dfddbe1a4) Importer(815301076,1909f56bfc062723c751e8b465ee728b)  -> (artifact id: '2fc0ce6a2d4c9dc5af9adaa138904ab3') in 0.035225 seconds
Number of updated asset objects reloaded before import = 0
Number of asset objects unloaded after import = 83
========================================================================
Received Import Request.
  Time since last request: 0.747743 seconds.
  path: Assets/AR Scene.prefab
  artifactKey: Guid(5f8ad4b33c017eb44a32e41dfddbe1a4) Importer(815301076,1909f56bfc062723c751e8b465ee728b)
Start importing Assets/AR Scene.prefab using Guid(5f8ad4b33c017eb44a32e41dfddbe1a4) Importer(815301076,1909f56bfc062723c751e8b465ee728b)  -> (artifact id: '116d2c9d17a3011bfec8e8867cab8d5a') in 0.043029 seconds
Number of updated asset objects reloaded before import = 0
Number of asset objects unloaded after import = 83
========================================================================
Received Import Request.
  Time since last request: 1.790501 seconds.
  path: Assets/AR Scene.prefab
  artifactKey: Guid(5f8ad4b33c017eb44a32e41dfddbe1a4) Importer(815301076,1909f56bfc062723c751e8b465ee728b)
Start importing Assets/AR Scene.prefab using Guid(5f8ad4b33c017eb44a32e41dfddbe1a4) Importer(815301076,1909f56bfc062723c751e8b465ee728b)  -> (artifact id: '84e72f4a1342c7e17bad122f6addda98') in 0.037315 seconds
Number of updated asset objects reloaded before import = 0
Number of asset objects unloaded after import = 83
========================================================================
Received Import Request.
  Time since last request: 7.690120 seconds.
  path: Assets/AR Scene.prefab
  artifactKey: Guid(5f8ad4b33c017eb44a32e41dfddbe1a4) Importer(815301076,1909f56bfc062723c751e8b465ee728b)
Start importing Assets/AR Scene.prefab using Guid(5f8ad4b33c017eb44a32e41dfddbe1a4) Importer(815301076,1909f56bfc062723c751e8b465ee728b)  -> (artifact id: 'a1cd9bbca67f7cb821c5195c02706ac5') in 0.041548 seconds
Number of updated asset objects reloaded before import = 0
Number of asset objects unloaded after import = 83
========================================================================
Received Import Request.
  Time since last request: 3.762749 seconds.
  path: Assets/AR Scene.prefab
  artifactKey: Guid(5f8ad4b33c017eb44a32e41dfddbe1a4) Importer(815301076,1909f56bfc062723c751e8b465ee728b)
Start importing Assets/AR Scene.prefab using Guid(5f8ad4b33c017eb44a32e41dfddbe1a4) Importer(815301076,1909f56bfc062723c751e8b465ee728b)  -> (artifact id: '8a537bd0ad9e38ff0d230fe0bb994d12') in 0.038692 seconds
Number of updated asset objects reloaded before import = 0
Number of asset objects unloaded after import = 83
========================================================================
Received Import Request.
  Time since last request: 5.027660 seconds.
  path: Assets/AR Scene.prefab
  artifactKey: Guid(5f8ad4b33c017eb44a32e41dfddbe1a4) Importer(815301076,1909f56bfc062723c751e8b465ee728b)
Start importing Assets/AR Scene.prefab using Guid(5f8ad4b33c017eb44a32e41dfddbe1a4) Importer(815301076,1909f56bfc062723c751e8b465ee728b)  -> (artifact id: '49f215a85db9c40f9da1c79ad6e89b46') in 0.035622 seconds
Number of updated asset objects reloaded before import = 0
Number of asset objects unloaded after import = 83
========================================================================
Received Import Request.
  Time since last request: 1.983345 seconds.
  path: Assets/AR Scene.prefab
  artifactKey: Guid(5f8ad4b33c017eb44a32e41dfddbe1a4) Importer(815301076,1909f56bfc062723c751e8b465ee728b)
Start importing Assets/AR Scene.prefab using Guid(5f8ad4b33c017eb44a32e41dfddbe1a4) Importer(815301076,1909f56bfc062723c751e8b465ee728b)  -> (artifact id: 'b5efa472a43c9607f5e1631615a67287') in 0.041120 seconds
Number of updated asset objects reloaded before import = 0
Number of asset objects unloaded after import = 83
========================================================================
Received Import Request.
  Time since last request: 8.309032 seconds.
  path: Assets/Spring_Mass.prefab
  artifactKey: Guid(0586537c6042f0e449f6ab57eb9578ac) Importer(815301076,1909f56bfc062723c751e8b465ee728b)
Start importing Assets/Spring_Mass.prefab using Guid(0586537c6042f0e449f6ab57eb9578ac) Importer(815301076,1909f56bfc062723c751e8b465ee728b)  -> (artifact id: '15d7038c0cbbe417a4702b22a69c1872') in 0.015708 seconds
Number of updated asset objects reloaded before import = 0
Number of asset objects unloaded after import = 43
========================================================================
Received Import Request.
  Time since last request: 0.222206 seconds.
  path: Assets/AR Scene.prefab
  artifactKey: Guid(5f8ad4b33c017eb44a32e41dfddbe1a4) Importer(815301076,1909f56bfc062723c751e8b465ee728b)
Start importing Assets/AR Scene.prefab using Guid(5f8ad4b33c017eb44a32e41dfddbe1a4) Importer(815301076,1909f56bfc062723c751e8b465ee728b)  -> (artifact id: 'a121be97236191b220816abc0cd492bc') in 0.028599 seconds
Number of updated asset objects reloaded before import = 0
Number of asset objects unloaded after import = 101
========================================================================
Received Import Request.
  Time since last request: 15.443119 seconds.
  path: Assets/Spring.prefab
  artifactKey: Guid(0586537c6042f0e449f6ab57eb9578ac) Importer(815301076,1909f56bfc062723c751e8b465ee728b)
Start importing Assets/Spring.prefab using Guid(0586537c6042f0e449f6ab57eb9578ac) Importer(815301076,1909f56bfc062723c751e8b465ee728b)  -> (artifact id: 'e18e5e874b1ed40fc0276eb528f08684') in 0.009318 seconds
Number of updated asset objects reloaded before import = 0
Number of asset objects unloaded after import = 43
========================================================================
Received Import Request.
  Time since last request: 52.557594 seconds.
  path: Assets/IMG_3318.jpg
  artifactKey: Guid(cf83438cc1a4b924983d8bcc230c728d) Importer(815301076,1909f56bfc062723c751e8b465ee728b)
Start importing Assets/IMG_3318.jpg using Guid(cf83438cc1a4b924983d8bcc230c728d) Importer(815301076,1909f56bfc062723c751e8b465ee728b)  -> (artifact id: 'f98e5865044bdab71fc480d04065e0ae') in 0.104683 seconds
Number of updated asset objects reloaded before import = 0
Number of asset objects unloaded after import = 2
========================================================================
Received Import Request.
  Time since last request: 29.302487 seconds.
  path: Assets/AR Scene.prefab
  artifactKey: Guid(5f8ad4b33c017eb44a32e41dfddbe1a4) Importer(815301076,1909f56bfc062723c751e8b465ee728b)
Start importing Assets/AR Scene.prefab using Guid(5f8ad4b33c017eb44a32e41dfddbe1a4) Importer(815301076,1909f56bfc062723c751e8b465ee728b)  -> (artifact id: '66d4eb4b162d763f53e13e2af031f6fc') in 0.033014 seconds
Number of updated asset objects reloaded before import = 0
Number of asset objects unloaded after import = 43
========================================================================
Received Import Request.
  Time since last request: 2.923843 seconds.
  path: Assets/AR Scene.prefab
  artifactKey: Guid(5f8ad4b33c017eb44a32e41dfddbe1a4) Importer(815301076,1909f56bfc062723c751e8b465ee728b)
Start importing Assets/AR Scene.prefab using Guid(5f8ad4b33c017eb44a32e41dfddbe1a4) Importer(815301076,1909f56bfc062723c751e8b465ee728b)  -> (artifact id: '26b80852778c88c7c7e5b0e08a38ec69') in 0.020260 seconds
Number of updated asset objects reloaded before import = 0
Number of asset objects unloaded after import = 50
========================================================================
Received Import Request.
  Time since last request: 2.016401 seconds.
  path: Assets/AR Scene.prefab
  artifactKey: Guid(5f8ad4b33c017eb44a32e41dfddbe1a4) Importer(815301076,1909f56bfc062723c751e8b465ee728b)
Start importing Assets/AR Scene.prefab using Guid(5f8ad4b33c017eb44a32e41dfddbe1a4) Importer(815301076,1909f56bfc062723c751e8b465ee728b)  -> (artifact id: 'f9ec4ab09ec6984967b8153760ec0ebe') in 0.023922 seconds
Number of updated asset objects reloaded before import = 0
Number of asset objects unloaded after import = 46
========================================================================
Received Import Request.
  Time since last request: 3.009842 seconds.
  path: Assets/AR Scene.prefab
  artifactKey: Guid(5f8ad4b33c017eb44a32e41dfddbe1a4) Importer(815301076,1909f56bfc062723c751e8b465ee728b)
Start importing Assets/AR Scene.prefab using Guid(5f8ad4b33c017eb44a32e41dfddbe1a4) Importer(815301076,1909f56bfc062723c751e8b465ee728b)  -> (artifact id: 'dcf3a589e4fbf17b9332dbba297afc4e') in 0.025268 seconds
Number of updated asset objects reloaded before import = 0
Number of asset objects unloaded after import = 46
========================================================================
Received Import Request.
  Time since last request: 9.209802 seconds.
  path: Assets/AR Scene.prefab
  artifactKey: Guid(5f8ad4b33c017eb44a32e41dfddbe1a4) Importer(815301076,1909f56bfc062723c751e8b465ee728b)
Start importing Assets/AR Scene.prefab using Guid(5f8ad4b33c017eb44a32e41dfddbe1a4) Importer(815301076,1909f56bfc062723c751e8b465ee728b)  -> (artifact id: '58aad541988a85b1cd5d538c8ea48b64') in 0.069697 seconds
Number of updated asset objects reloaded before import = 0
Number of asset objects unloaded after import = 47
========================================================================
Received Import Request.
  Time since last request: 10.283251 seconds.
  path: Assets/AR Scene.prefab
  artifactKey: Guid(5f8ad4b33c017eb44a32e41dfddbe1a4) Importer(815301076,1909f56bfc062723c751e8b465ee728b)
Start importing Assets/AR Scene.prefab using Guid(5f8ad4b33c017eb44a32e41dfddbe1a4) Importer(815301076,1909f56bfc062723c751e8b465ee728b)  -> (artifact id: '7ccbff1a1b10af879227ad9c2575405f') in 0.110527 seconds
Number of updated asset objects reloaded before import = 0
Number of asset objects unloaded after import = 47
========================================================================
Received Import Request.
  Time since last request: 4.054871 seconds.
  path: Assets/AR Scene.prefab
  artifactKey: Guid(5f8ad4b33c017eb44a32e41dfddbe1a4) Importer(815301076,1909f56bfc062723c751e8b465ee728b)
Start importing Assets/AR Scene.prefab using Guid(5f8ad4b33c017eb44a32e41dfddbe1a4) Importer(815301076,1909f56bfc062723c751e8b465ee728b)  -> (artifact id: 'eb9ad806a3b1187623716a2fa0f077d7') in 0.090615 seconds
Number of updated asset objects reloaded before import = 0
Number of asset objects unloaded after import = 48
========================================================================
Received Prepare
Begin MonoManager ReloadAssembly
- Loaded All Assemblies, in  0.393 seconds
Refreshing native plugins compatible for Editor in 3.58 ms, found 4 plugins.
Native extension for WindowsStandalone target not found
Native extension for iOS target not found
Native extension for Android target not found
[Package Manager] Server::EnsureServerProcessIsRunning -- launch failed, reason: Unity was launched with the -noUpm command-line argument
[Package Manager] UpmClient::Send -- Unable to send message (not connected to UPM process).
[Package Manager] Cannot connect to Unity Package Manager local server
[Package Manager] Server::EnsureServerProcessIsRunning -- launch failed, reason: Unity was launched with the -noUpm command-line argument
[Package Manager] UpmClient::Send -- Unable to send message (not connected to UPM process).
[Package Manager] Cannot connect to Unity Package Manager local server
Mono: successfully reloaded assembly
[Package Manager] Server::EnsureServerProcessIsRunning -- launch failed, reason: Unity was launched with the -noUpm command-line argument
[Package Manager] UpmClient::Send -- Unable to send message (not connected to UPM process).
[Package Manager] Cannot connect to Unity Package Manager local server
- Finished resetting the current domain, in  0.784 seconds
Domain Reload Profiling: 1174ms
	BeginReloadAssembly (127ms)
		ExecutionOrderSort (0ms)
		DisableScriptedObjects (3ms)
		BackupInstance (0ms)
		ReleaseScriptingObjects (0ms)
		CreateAndSetChildDomain (29ms)
	RebuildCommonClasses (24ms)
	RebuildNativeTypeToScriptingClass (8ms)
	initialDomainReloadingComplete (22ms)
	LoadAllAssembliesAndSetupDomain (209ms)
		LoadAssemblies (260ms)
		RebuildTransferFunctionScriptingTraits (0ms)
		AnalyzeDomain (13ms)
			TypeCache.Refresh (5ms)
				TypeCache.ScanAssembly (0ms)
			ScanForSourceGeneratedMonoScriptInfo (0ms)
			ResolveRequiredComponents (6ms)
	FinalizeReload (784ms)
		ReleaseScriptCaches (0ms)
		RebuildScriptCaches (0ms)
		SetupLoadedEditorAssemblies (394ms)
			LogAssemblyErrors (0ms)
			InitializePlatformSupportModulesInManaged (28ms)
			SetLoadedEditorAssemblies (3ms)
			RefreshPlugins (0ms)
			BeforeProcessingInitializeOnLoad (58ms)
			ProcessInitializeOnLoadAttributes (262ms)
			ProcessInitializeOnLoadMethodAttributes (35ms)
			AfterProcessingInitializeOnLoad (8ms)
			EditorAssembliesLoaded (0ms)
		ExecutionOrderSort2 (0ms)
		AwakeInstancesAfterBackupRestoration (9ms)
Refreshing native plugins compatible for Editor in 4.14 ms, found 4 plugins.
Preloading 0 native plugins for Editor in 0.00 ms.
Unloading 4355 Unused Serialized files (Serialized files now loaded: 0)
Unloading 37 unused Assets / (1.2 MB). Loaded Objects now: 4937.
Memory consumption went from 177.9 MB to 176.7 MB.
Total: 3.363600 ms (FindLiveObjects: 0.228800 ms CreateObjectMapping: 0.094400 ms MarkObjects: 2.480000 ms  DeleteObjects: 0.559300 ms)

Prepare: number of updated asset objects reloaded= 0
AssetImportParameters requested are different than current active one (requested -> active):
  custom:container-demuxer-ogg: 62fdf1f143b41e24485cea50d1cbac27 -> 
  custom:video-codec-MediaFoundation-h265: 746d11721c4dcdbdad8f713fa42b33f4 -> 
  custom:video-decoder-ogg-theora: a1e56fd34408186e4bbccfd4996cb3dc -> 
  custom:framework-win-MediaFoundation: 216162199b28c13a410421893ffa2e32 -> 
  custom:CustomObjectIndexerAttribute: 9a22284fe3817be447336de3de66b15e -> 
  custom:container-demuxer-webm: 4f35f7cbe854078d1ac9338744f61a02 -> 
  custom:container-muxer-webm: aa71ff27fc2769a1b78a27578f13a17b -> 
  custom:video-decoder-webm-vp8: 9c59270c3fd7afecdb556c50c9e8de78 -> 
  custom:SearchIndexIgnoredProperties: e643bd26f0fe6173181afceb89e7c659 -> 
  custom:AudioImporter_EditorPlatform: d09bf68614088b80899f8185d706f6e7 -> 
  custom:video-encoder-webm-vp8: eb34c28f22e8b96e1ab97ce403110664 -> 
  custom:audio-decoder-ogg-vorbis: bf7c407c2cedff20999df2af8eb42d56 -> 
  custom:audio-encoder-webm-vorbis: bf7c407c2cedff20999df2af8eb42d56 -> 
========================================================================
Received Import Request.
  Time since last request: 37.255761 seconds.
  path: Assets/Spring.prefab
  artifactKey: Guid(0586537c6042f0e449f6ab57eb9578ac) Importer(815301076,1909f56bfc062723c751e8b465ee728b)
Start importing Assets/Spring.prefab using Guid(0586537c6042f0e449f6ab57eb9578ac) Importer(815301076,1909f56bfc062723c751e8b465ee728b)  -> (artifact id: '737c50ccbcc98e967e13dc5a8da08c83') in 0.064244 seconds
Number of updated asset objects reloaded before import = 0
Number of asset objects unloaded after import = 43
========================================================================
Received Import Request.
  Time since last request: 6.377870 seconds.
  path: Assets/Spring.prefab
  artifactKey: Guid(0586537c6042f0e449f6ab57eb9578ac) Importer(815301076,1909f56bfc062723c751e8b465ee728b)
Start importing Assets/Spring.prefab using Guid(0586537c6042f0e449f6ab57eb9578ac) Importer(815301076,1909f56bfc062723c751e8b465ee728b)  -> (artifact id: '641ea6e1efe263a52671b982baea2e8b') in 0.014090 seconds
Number of updated asset objects reloaded before import = 0
Number of asset objects unloaded after import = 43
========================================================================
Received Import Request.
  Time since last request: 1.595628 seconds.
  path: Assets/Spring.prefab
  artifactKey: Guid(0586537c6042f0e449f6ab57eb9578ac) Importer(815301076,1909f56bfc062723c751e8b465ee728b)
Start importing Assets/Spring.prefab using Guid(0586537c6042f0e449f6ab57eb9578ac) Importer(815301076,1909f56bfc062723c751e8b465ee728b)  -> (artifact id: 'e2967dd6152464e2cb6e80b450d866d1') in 0.008836 seconds
Number of updated asset objects reloaded before import = 0
Number of asset objects unloaded after import = 43
========================================================================
Received Prepare
Begin MonoManager ReloadAssembly
- Loaded All Assemblies, in  0.373 seconds
Refreshing native plugins compatible for Editor in 4.17 ms, found 4 plugins.
Native extension for WindowsStandalone target not found
Native extension for iOS target not found
Native extension for Android target not found
[Package Manager] Server::EnsureServerProcessIsRunning -- launch failed, reason: Unity was launched with the -noUpm command-line argument
[Package Manager] UpmClient::Send -- Unable to send message (not connected to UPM process).
[Package Manager] Cannot connect to Unity Package Manager local server
[Package Manager] Server::EnsureServerProcessIsRunning -- launch failed, reason: Unity was launched with the -noUpm command-line argument
[Package Manager] UpmClient::Send -- Unable to send message (not connected to UPM process).
[Package Manager] Cannot connect to Unity Package Manager local server
Mono: successfully reloaded assembly
[Package Manager] Server::EnsureServerProcessIsRunning -- launch failed, reason: Unity was launched with the -noUpm command-line argument
[Package Manager] UpmClient::Send -- Unable to send message (not connected to UPM process).
[Package Manager] Cannot connect to Unity Package Manager local server
- Finished resetting the current domain, in  0.845 seconds
Domain Reload Profiling: 1215ms
	BeginReloadAssembly (126ms)
		ExecutionOrderSort (0ms)
		DisableScriptedObjects (3ms)
		BackupInstance (0ms)
		ReleaseScriptingObjects (0ms)
		CreateAndSetChildDomain (28ms)
	RebuildCommonClasses (24ms)
	RebuildNativeTypeToScriptingClass (8ms)
	initialDomainReloadingComplete (22ms)
	LoadAllAssembliesAndSetupDomain (190ms)
		LoadAssemblies (240ms)
		RebuildTransferFunctionScriptingTraits (0ms)
		AnalyzeDomain (15ms)
			TypeCache.Refresh (7ms)
				TypeCache.ScanAssembly (0ms)
			ScanForSourceGeneratedMonoScriptInfo (0ms)
			ResolveRequiredComponents (7ms)
	FinalizeReload (845ms)
		ReleaseScriptCaches (0ms)
		RebuildScriptCaches (0ms)
		SetupLoadedEditorAssemblies (452ms)
			LogAssemblyErrors (0ms)
			InitializePlatformSupportModulesInManaged (29ms)
			SetLoadedEditorAssemblies (3ms)
			RefreshPlugins (0ms)
			BeforeProcessingInitializeOnLoad (61ms)
			ProcessInitializeOnLoadAttributes (317ms)
			ProcessInitializeOnLoadMethodAttributes (37ms)
			AfterProcessingInitializeOnLoad (5ms)
			EditorAssembliesLoaded (0ms)
		ExecutionOrderSort2 (0ms)
		AwakeInstancesAfterBackupRestoration (9ms)
Refreshing native plugins compatible for Editor in 4.14 ms, found 4 plugins.
Preloading 0 native plugins for Editor in 0.00 ms.
Unloading 4355 Unused Serialized files (Serialized files now loaded: 0)
Unloading 37 unused Assets / (1.2 MB). Loaded Objects now: 4941.
Memory consumption went from 179.8 MB to 178.6 MB.
Total: 3.392500 ms (FindLiveObjects: 0.224600 ms CreateObjectMapping: 0.086300 ms MarkObjects: 2.354000 ms  DeleteObjects: 0.726500 ms)

Prepare: number of updated asset objects reloaded= 0
AssetImportParameters requested are different than current active one (requested -> active):
  custom:container-demuxer-ogg: 62fdf1f143b41e24485cea50d1cbac27 -> 
  custom:video-codec-MediaFoundation-h265: 746d11721c4dcdbdad8f713fa42b33f4 -> 
  custom:video-decoder-ogg-theora: a1e56fd34408186e4bbccfd4996cb3dc -> 
  custom:framework-win-MediaFoundation: 216162199b28c13a410421893ffa2e32 -> 
  custom:CustomObjectIndexerAttribute: 9a22284fe3817be447336de3de66b15e -> 
  custom:container-demuxer-webm: 4f35f7cbe854078d1ac9338744f61a02 -> 
  custom:container-muxer-webm: aa71ff27fc2769a1b78a27578f13a17b -> 
  custom:video-decoder-webm-vp8: 9c59270c3fd7afecdb556c50c9e8de78 -> 
  custom:SearchIndexIgnoredProperties: e643bd26f0fe6173181afceb89e7c659 -> 
  custom:AudioImporter_EditorPlatform: d09bf68614088b80899f8185d706f6e7 -> 
  custom:video-encoder-webm-vp8: eb34c28f22e8b96e1ab97ce403110664 -> 
  custom:audio-decoder-ogg-vorbis: bf7c407c2cedff20999df2af8eb42d56 -> 
  custom:audio-encoder-webm-vorbis: bf7c407c2cedff20999df2af8eb42d56 -> 
========================================================================
Received Import Request.
  Time since last request: 23.757858 seconds.
  path: Assets/ReferenceImageLibrary.asset
  artifactKey: Guid(c2f4284cb446d8547baadc34ae580f4d) Importer(815301076,1909f56bfc062723c751e8b465ee728b)
Start importing Assets/ReferenceImageLibrary.asset using Guid(c2f4284cb446d8547baadc34ae580f4d) Importer(815301076,1909f56bfc062723c751e8b465ee728b)  -> (artifact id: '9bd26bb64176295751eb0290f39f550a') in 0.059714 seconds
Number of updated asset objects reloaded before import = 0
Number of asset objects unloaded after import = 3
